2015-08-12 18:24:26 cat: Connect, proto: mysql-5, msg: CONNECT TO "washshop" AS USER "root"
2015-08-12 18:24:26 cat: Execute, proto: mysql-5, msg: SELECT * FROM compy

2015-08-12 18:24:26 cat: Execute, proto: mysql-5, msg: SHOW TABLES FROM washshop LIKE 'compy'
2015-08-12 18:24:26 cat: Execute, proto: mysql-5, msg: SHOW COLUMNS FROM washshop.compy LIKE '%'
2015-08-12 18:24:26 cat: Execute, proto: mysql-5, msg: SELECT * FROM .cr

2015-08-12 18:24:26 cat: Execute, proto: mysql-5, msg: SHOW TABLES FROM washshop LIKE 'cr'
2015-08-12 18:24:26 cat: Execute, proto: mysql-5, msg: SHOW COLUMNS FROM washshop.cr LIKE '%'
2015-08-12 18:24:26 cat: Execute, proto: mysql-5, msg: SELECT * FROM cr

2015-08-12 18:24:26 cat: Execute, proto: mysql-5, msg: INSERT INTO dailymonitor (ondt) VALUES ('104/08/12 18:24:26')
2015-08-12 18:24:30 cat: Execute, proto: mysql-5, msg: SELECT a.crcode, a.vpcode, max(a.vpedate) as edate, b.crmoney FROM vip as a
LEFT JOIN cr as b ON a.crcode = b.crcode
WHERE b.crmoney>0
GROUP BY a.crcode

2015-08-12 18:24:30 cat: Execute, proto: mysql-5, msg: SHOW TABLES FROM washshop LIKE 'vip'
2015-08-12 18:24:30 cat: Execute, proto: mysql-5, msg: SHOW COLUMNS FROM washshop.vip LIKE '%'
2015-08-12 18:24:31 cat: Execute, proto: mysql-5, msg: SELECT * FROM compy

2015-08-12 18:24:31 cat: Execute, proto: mysql-5, msg: SELECT * FROM cr
WHERE crmark='Y'
ORDER BY crcode

2015-08-12 18:24:32 cat: Connect, proto: mysql-5, msg: CONNECT TO "washshop" AS USER "root"
2015-08-12 18:24:32 cat: Execute, proto: mysql-5, msg: SELECT sum(wiquty)as s_quty,wiodate,wiplace FROM wio
WHERE crcode='00001'
AND wiodate=''
AND wiplace<>'' AND wiplace<>'付清'

2015-08-12 18:24:32 cat: Execute, proto: mysql-5, msg: SHOW TABLES FROM washshop LIKE 'wio'
2015-08-12 18:24:32 cat: Execute, proto: mysql-5, msg: SHOW COLUMNS FROM washshop.wio LIKE '%'
2015-08-12 18:24:32 cat: Execute, proto: mysql-5, msg: SELECT sum(wiquty)as s_quty,wiodate,wiplace FROM wio
WHERE crcode='00001'
AND wiodate=''

2015-08-12 18:24:32 cat: Execute, proto: mysql-5, msg: SELECT * FROM compy

2015-08-12 18:24:33 cat: Execute, proto: mysql-5, msg: SELECT * FROM cr
WHERE crcode='00001'
AND crmark='Y'

2015-08-12 18:24:33 cat: Disconnect, proto: mysql-5, msg: DISCONNECT FROM "washshop"
2015-08-12 18:24:33 cat: Execute, proto: mysql-5, msg: DELETE FROM pross_log
WHERE pross_date < '104/06/23'

2015-08-12 18:24:33 cat: Execute, proto: mysql-5, msg: SELECT * FROM pross_log

2015-08-12 18:24:33 cat: Execute, proto: mysql-5, msg: SHOW TABLES FROM washshop LIKE 'pross_log'
2015-08-12 18:24:33 cat: Execute, proto: mysql-5, msg: SHOW COLUMNS FROM washshop.pross_log LIKE '%'
2015-08-12 18:24:33 cat: Execute, proto: mysql-5, msg: INSERT INTO washshop.pross_log (sn,crcode,pross,pross_date,pross_time,sfname) VALUES (NULL,'00001','','104/08/12','18:24:33',NULL)
2015-08-12 18:24:33 cat: Connect, proto: mysql-5, msg: CONNECT TO "washshop" AS USER "root"
2015-08-12 18:24:33 cat: Execute, proto: mysql-5, msg: SELECT crcode,vpsdate,vpedate FROM vip
WHERE crcode='00001'
ORDER BY vpsdate DESC

2015-08-12 18:24:33 cat: Execute, proto: mysql-5, msg: SHOW TABLES FROM washshop LIKE 'vip'
2015-08-12 18:24:33 cat: Execute, proto: mysql-5, msg: SHOW COLUMNS FROM washshop.vip LIKE '%'
2015-08-12 18:24:33 cat: Execute, proto: mysql-5, msg: SELECT sum(wiquty) as s_quty FROM wio
WHERE crcode='00001'
AND wiodate=''

2015-08-12 18:24:33 cat: Execute, proto: mysql-5, msg: SHOW TABLES FROM washshop LIKE 'wio'
2015-08-12 18:24:33 cat: Execute, proto: mysql-5, msg: SHOW COLUMNS FROM washshop.wio LIKE '%'
2015-08-12 18:24:33 cat: Execute, proto: mysql-5, msg: SELECT * FROM compy

2015-08-12 18:24:33 cat: Execute, proto: mysql-5, msg: SELECT * FROM compy

2015-08-12 18:24:34 cat: Execute, proto: mysql-5, msg: DELETE FROM pross_log
WHERE pross_date < '104/06/23'

2015-08-12 18:24:34 cat: Execute, proto: mysql-5, msg: SELECT * FROM pross_log

2015-08-12 18:24:34 cat: Execute, proto: mysql-5, msg: INSERT INTO washshop.pross_log (sn,crcode,pross,pross_date,pross_time,sfname) VALUES (NULL,'00001','取件','104/08/12','18:24:34',NULL)
2015-08-12 18:24:34 cat: Connect, proto: mysql-5, msg: CONNECT TO "washshop" AS USER "root"
2015-08-12 18:24:34 cat: Execute, proto: mysql-5, msg: SELECT crcode,vpsdate,vpedate FROM vip
WHERE crcode='00001'
ORDER BY vpsdate DESC

2015-08-12 18:24:34 cat: Execute, proto: mysql-5, msg: SHOW TABLES FROM washshop LIKE 'vip'
2015-08-12 18:24:34 cat: Execute, proto: mysql-5, msg: SHOW COLUMNS FROM washshop.vip LIKE '%'
2015-08-12 18:24:34 cat: Execute, proto: mysql-5, msg: SELECT * FROM compy

2015-08-12 18:24:34 cat: Execute, proto: mysql-5, msg: SELECT * FROM wio
WHERE crcode='00001'
AND (wiodate='' OR wimemo like '未付%')
ORDER BY wicode,wisno

2015-08-12 18:24:34 cat: Execute, proto: mysql-5, msg: SHOW TABLES FROM washshop LIKE 'wio'
2015-08-12 18:24:34 cat: Execute, proto: mysql-5, msg: SHOW COLUMNS FROM washshop.wio LIKE '%'
2015-08-12 18:24:34 cat: Execute, proto: mysql-5, msg: SELECT sum(wiquty)as s_quty, sum(wisum)as s_sum FROM wio
WHERE crcode='00001'
AND wiodate=''

2015-08-12 18:24:34 cat: Execute, proto: mysql-5, msg: SELECT wicode,crcode,wiodate FROM wio
WHERE crcode='00001'
AND ((wiodate='')OR(wimemo like '未付%'))
GROUP BY wicode

2015-08-12 18:24:34 cat: Execute, proto: mysql-5, msg: SELECT sum(wiquty)as quty, sum(wisum)as sum FROM wio
WHERE wicode='027609'
AND (wiodate='')

2015-08-12 18:24:34 cat: Execute, proto: mysql-5, msg: SELECT sum(wiquty)as quty, sum(wisum)as sum FROM wio
WHERE wicode='027609'

2015-08-12 18:24:34 cat: Execute, proto: mysql-5, msg: SELECT * FROM compy

2015-08-12 18:24:40 cat: Execute, proto: mysql-5, msg: SHOW KEYS FROM washshop.wio
2015-08-12 18:24:40 cat: Execute, proto: mysql-5, msg: UPDATE washshop.wio SET wiodate='104/08/12',wiotime='18:24:40',wisel='S' WHERE wicode='027609' AND wisno='001116' AND crcode='00001' AND wiitem='紫紫紫' AND winame='女褲' AND wiwash='VIP' AND wiacc='' AND wimemo='未付' AND wiwamo=69 AND wiexkind='' AND wiexmo=0 AND wiquty=1 AND wisum=69 AND wiurge='N' AND widay='' AND wimdate='104/05/01' AND wiodate='' AND wiotime IS NULL AND wiplace='' AND widate='104/04/23' AND witime='18:33:45' AND wimark='' AND indate='' AND mark='' AND wisel='' AND pps=0 AND picture=''
2015-08-12 18:24:40 cat: Execute, proto: mysql-5, msg: SELECT sum(wiquty) as s_quty, sum(wisum)as s_sum FROM wio
WHERE crcode='00001'
AND wiodate='104/08/12'
AND wisel='S'

2015-08-12 18:24:45 cat: Execute, proto: mysql-5, msg: UPDATE wio
SET wisel=''
WHERE crcode='00001' AND wisel='S'

2015-08-12 18:24:45 cat: Disconnect, proto: mysql-5, msg: DISCONNECT FROM "washshop"
2015-08-12 18:24:45 cat: Execute, proto: mysql-5, msg: SELECT sum(wiquty) as s_quty FROM wio
WHERE crcode='00001'
AND wiodate=''

2015-08-12 18:24:46 cat: Disconnect, proto: mysql-5, msg: DISCONNECT FROM "washshop"
2015-08-12 18:24:47 cat: Execute, proto: mysql-5, msg: SELECT * FROM dailymonitor 
ORDER BY sn DESC

2015-08-12 18:24:47 cat: Execute, proto: mysql-5, msg: SHOW TABLES FROM washshop LIKE 'dailymonitor'
2015-08-12 18:24:47 cat: Execute, proto: mysql-5, msg: SHOW COLUMNS FROM washshop.dailymonitor LIKE '%'
2015-08-12 18:24:47 cat: Execute, proto: mysql-5, msg: SHOW KEYS FROM washshop.dailymonitor
2015-08-12 18:24:47 cat: Execute, proto: mysql-5, msg: UPDATE washshop.dailymonitor SET offdt='104/08/12 18:24:47' WHERE sn=367
