2015-07-06 10:59:38 cat: Connect, proto: mysql-5, msg: CONNECT TO "washshop" AS USER "root"
2015-07-06 10:59:38 cat: Execute, proto: mysql-5, msg: SELECT * FROM compy

2015-07-06 10:59:38 cat: Execute, proto: mysql-5, msg: SHOW TABLES FROM washshop LIKE 'compy'
2015-07-06 10:59:38 cat: Execute, proto: mysql-5, msg: SHOW COLUMNS FROM washshop.compy LIKE '%'
2015-07-06 10:59:38 cat: Execute, proto: mysql-5, msg: SELECT * FROM .cr

2015-07-06 10:59:38 cat: Execute, proto: mysql-5, msg: SHOW TABLES FROM washshop LIKE 'cr'
2015-07-06 10:59:38 cat: Execute, proto: mysql-5, msg: SHOW COLUMNS FROM washshop.cr LIKE '%'
2015-07-06 10:59:38 cat: Execute, proto: mysql-5, msg: SELECT * FROM cr

2015-07-06 10:59:39 cat: Execute, proto: mysql-5, msg: INSERT INTO dailymonitor (ondt) VALUES ('104/07/06 10:59:39')
2015-07-06 10:59:43 cat: Execute, proto: mysql-5, msg: SELECT a.crcode, a.vpcode, max(a.vpedate) as edate, b.crmoney FROM vip as a
LEFT JOIN cr as b ON a.crcode = b.crcode
WHERE b.crmoney>0
GROUP BY a.crcode

2015-07-06 10:59:43 cat: Execute, proto: mysql-5, msg: SHOW TABLES FROM washshop LIKE 'vip'
2015-07-06 10:59:43 cat: Execute, proto: mysql-5, msg: SHOW COLUMNS FROM washshop.vip LIKE '%'
2015-07-06 10:59:44 cat: Connect, proto: mysql-5, msg: CONNECT TO "washshop" AS USER "root"
2015-07-06 10:59:44 cat: Execute, proto: mysql-5, msg: SELECT * FROM waname
ORDER BY wano1

2015-07-06 10:59:44 cat: Execute, proto: mysql-5, msg: SHOW TABLES FROM washshop LIKE 'waname'
2015-07-06 10:59:44 cat: Execute, proto: mysql-5, msg: SHOW COLUMNS FROM washshop.waname LIKE '%'
2015-07-06 10:59:44 cat: Execute, proto: mysql-5, msg: SELECT * FROM waadr
ORDER BY wano8

2015-07-06 10:59:44 cat: Execute, proto: mysql-5, msg: SHOW TABLES FROM washshop LIKE 'waadr'
2015-07-06 10:59:44 cat: Execute, proto: mysql-5, msg: SHOW COLUMNS FROM washshop.waadr LIKE '%'
2015-07-06 10:59:44 cat: Execute, proto: mysql-5, msg: SELECT * FROM cr
WHERE crmark='Y'
ORDER BY crcode

2015-07-06 10:59:44 cat: Execute, proto: mysql-5, msg: SHOW TABLES FROM washshop LIKE 'cr'
2015-07-06 10:59:44 cat: Execute, proto: mysql-5, msg: SHOW COLUMNS FROM washshop.cr LIKE '%'
2015-07-06 10:59:44 cat: Execute, proto: mysql-5, msg: SELECT * FROM compy

2015-07-06 10:59:44 cat: Execute, proto: mysql-5, msg: SELECT * FROM compy

2015-07-06 10:59:46 cat: Execute, proto: mysql-5, msg: select * from cr
where crmark='Y' AND crmoney=0

2015-07-06 10:59:48 cat: Execute, proto: mysql-5, msg: DELETE FROM crdelete

2015-07-06 10:59:48 cat: Execute, proto: mysql-5, msg: SELECT * FROM cr
WHERE crmark='Y'
AND crmoney=0

2015-07-06 10:59:48 cat: Execute, proto: mysql-5, msg: SELECT sum(wiquty)as s_quty,wiodate FROM wio
WHERE crcode='00007'
AND wiodate=''

2015-07-06 10:59:48 cat: Execute, proto: mysql-5, msg: SHOW TABLES FROM washshop LIKE 'wio'
2015-07-06 10:59:48 cat: Execute, proto: mysql-5, msg: SHOW COLUMNS FROM washshop.wio LIKE '%'
