2015-07-28 19:55:15 cat: Connect, proto: mysql-5, msg: CONNECT TO "washshop" AS USER "root"
2015-07-28 19:55:15 cat: Execute, proto: mysql-5, msg: SELECT * FROM compy

2015-07-28 19:55:15 cat: Execute, proto: mysql-5, msg: SHOW TABLES FROM washshop LIKE 'compy'
2015-07-28 19:55:15 cat: Execute, proto: mysql-5, msg: SHOW COLUMNS FROM washshop.compy LIKE '%'
2015-07-28 19:55:15 cat: Execute, proto: mysql-5, msg: SELECT * FROM .cr

2015-07-28 19:55:15 cat: Execute, proto: mysql-5, msg: SHOW TABLES FROM washshop LIKE 'cr'
2015-07-28 19:55:15 cat: Execute, proto: mysql-5, msg: SHOW COLUMNS FROM washshop.cr LIKE '%'
2015-07-28 19:55:15 cat: Execute, proto: mysql-5, msg: SELECT * FROM cr

2015-07-28 19:55:15 cat: Execute, proto: mysql-5, msg: INSERT INTO dailymonitor (ondt) VALUES ('104/07/28 19:55:15')
2015-07-28 19:55:18 cat: Execute, proto: mysql-5, msg: SELECT a.crcode, a.vpcode, max(a.vpedate) as edate, b.crmoney FROM vip as a
LEFT JOIN cr as b ON a.crcode = b.crcode
WHERE b.crmoney>0
GROUP BY a.crcode

2015-07-28 19:55:18 cat: Execute, proto: mysql-5, msg: SHOW TABLES FROM washshop LIKE 'vip'
2015-07-28 19:55:18 cat: Execute, proto: mysql-5, msg: SHOW COLUMNS FROM washshop.vip LIKE '%'
2015-07-28 19:55:18 cat: Execute, proto: mysql-5, msg: SELECT * FROM compy

2015-07-28 19:55:18 cat: Execute, proto: mysql-5, msg: SELECT * FROM cr
WHERE crmark='Y'
ORDER BY crcode

2015-07-28 19:55:18 cat: Connect, proto: mysql-5, msg: CONNECT TO "washshop" AS USER "root"
2015-07-28 19:55:18 cat: Execute, proto: mysql-5, msg: SELECT sum(wiquty)as s_quty,wiodate,wiplace FROM wio
WHERE crcode='00001'
AND wiodate=''
AND wiplace<>'' AND wiplace<>'付清'

2015-07-28 19:55:18 cat: Execute, proto: mysql-5, msg: SHOW TABLES FROM washshop LIKE 'wio'
2015-07-28 19:55:18 cat: Execute, proto: mysql-5, msg: SHOW COLUMNS FROM washshop.wio LIKE '%'
2015-07-28 19:55:18 cat: Execute, proto: mysql-5, msg: SELECT sum(wiquty)as s_quty,wiodate,wiplace FROM wio
WHERE crcode='00001'
AND wiodate=''

2015-07-28 19:55:18 cat: Execute, proto: mysql-5, msg: SELECT * FROM compy

2015-07-28 19:55:20 cat: Execute, proto: mysql-5, msg: SELECT * FROM cr
WHERE crcode='00001'
AND crmark='Y'

2015-07-28 19:55:20 cat: Disconnect, proto: mysql-5, msg: DISCONNECT FROM "washshop"
2015-07-28 19:55:20 cat: Execute, proto: mysql-5, msg: DELETE FROM pross_log
WHERE pross_date < '104/06/08'

2015-07-28 19:55:20 cat: Execute, proto: mysql-5, msg: SELECT * FROM pross_log

2015-07-28 19:55:20 cat: Execute, proto: mysql-5, msg: SHOW TABLES FROM washshop LIKE 'pross_log'
2015-07-28 19:55:20 cat: Execute, proto: mysql-5, msg: SHOW COLUMNS FROM washshop.pross_log LIKE '%'
2015-07-28 19:55:20 cat: Execute, proto: mysql-5, msg: INSERT INTO washshop.pross_log (sn,crcode,pross,pross_date,pross_time,sfname) VALUES (NULL,'00001','','104/07/28','19:55:20',NULL)
2015-07-28 19:55:20 cat: Connect, proto: mysql-5, msg: CONNECT TO "washshop" AS USER "root"
2015-07-28 19:55:20 cat: Execute, proto: mysql-5, msg: SELECT crcode,vpsdate,vpedate FROM vip
WHERE crcode='00001'
ORDER BY vpsdate DESC

2015-07-28 19:55:20 cat: Execute, proto: mysql-5, msg: SHOW TABLES FROM washshop LIKE 'vip'
2015-07-28 19:55:20 cat: Execute, proto: mysql-5, msg: SHOW COLUMNS FROM washshop.vip LIKE '%'
2015-07-28 19:55:20 cat: Execute, proto: mysql-5, msg: SELECT sum(wiquty) as s_quty FROM wio
WHERE crcode='00001'
AND wiodate=''

2015-07-28 19:55:20 cat: Execute, proto: mysql-5, msg: SHOW TABLES FROM washshop LIKE 'wio'
2015-07-28 19:55:20 cat: Execute, proto: mysql-5, msg: SHOW COLUMNS FROM washshop.wio LIKE '%'
2015-07-28 19:55:20 cat: Execute, proto: mysql-5, msg: SELECT * FROM compy

2015-07-28 19:55:20 cat: Execute, proto: mysql-5, msg: SELECT * FROM compy

2015-07-28 19:55:22 cat: Execute, proto: mysql-5, msg: DELETE FROM pross_log
WHERE pross_date < '104/06/08'

2015-07-28 19:55:22 cat: Execute, proto: mysql-5, msg: SELECT * FROM pross_log

2015-07-28 19:55:22 cat: Execute, proto: mysql-5, msg: INSERT INTO washshop.pross_log (sn,crcode,pross,pross_date,pross_time,sfname) VALUES (NULL,'00001','取件','104/07/28','19:55:22',NULL)
2015-07-28 19:55:22 cat: Connect, proto: mysql-5, msg: CONNECT TO "washshop" AS USER "root"
2015-07-28 19:55:22 cat: Execute, proto: mysql-5, msg: SELECT crcode,vpsdate,vpedate FROM vip
WHERE crcode='00001'
ORDER BY vpsdate DESC

2015-07-28 19:55:22 cat: Execute, proto: mysql-5, msg: SHOW TABLES FROM washshop LIKE 'vip'
2015-07-28 19:55:22 cat: Execute, proto: mysql-5, msg: SHOW COLUMNS FROM washshop.vip LIKE '%'
2015-07-28 19:55:22 cat: Execute, proto: mysql-5, msg: SELECT * FROM compy

2015-07-28 19:55:22 cat: Execute, proto: mysql-5, msg: SELECT * FROM wio
WHERE crcode='00001'
AND (wiodate='' OR wimemo like '未付%')
ORDER BY wicode,wisno

2015-07-28 19:55:22 cat: Execute, proto: mysql-5, msg: SHOW TABLES FROM washshop LIKE 'wio'
2015-07-28 19:55:22 cat: Execute, proto: mysql-5, msg: SHOW COLUMNS FROM washshop.wio LIKE '%'
2015-07-28 19:55:22 cat: Execute, proto: mysql-5, msg: SELECT sum(wiquty)as s_quty, sum(wisum)as s_sum FROM wio
WHERE crcode='00001'
AND wiodate=''

2015-07-28 19:55:22 cat: Execute, proto: mysql-5, msg: SELECT wicode,crcode,wiodate FROM wio
WHERE crcode='00001'
AND ((wiodate='')OR(wimemo like '未付%'))
GROUP BY wicode

2015-07-28 19:55:22 cat: Execute, proto: mysql-5, msg: SELECT sum(wiquty)as quty, sum(wisum)as sum FROM wio
WHERE wicode='027609'
AND (wiodate='')

2015-07-28 19:55:22 cat: Execute, proto: mysql-5, msg: SELECT sum(wiquty)as quty, sum(wisum)as sum FROM wio
WHERE wicode='027609'

2015-07-28 19:55:22 cat: Execute, proto: mysql-5, msg: SELECT * FROM compy

2015-07-28 19:55:23 cat: Execute, proto: mysql-5, msg: SELECT wicode,crcode,wiodate FROM wio
WHERE crcode='00001'
AND ((wiodate='')OR(wimemo like '未付%'))
GROUP BY wicode

2015-07-28 19:55:23 cat: Execute, proto: mysql-5, msg: SELECT sum(wiquty)as quty, sum(wisum)as sum FROM wio
WHERE wicode='027609'
AND (wiodate='')

2015-07-28 19:55:23 cat: Execute, proto: mysql-5, msg: SELECT sum(wiquty)as quty, sum(wisum)as sum FROM wio
WHERE wicode='027609'

2015-07-28 19:55:23 cat: Execute, proto: mysql-5, msg: SELECT wicode,crcode,wiodate FROM wio
WHERE crcode='00001'
AND ((wiodate='')OR(wimemo like '未付%'))
GROUP BY wicode

2015-07-28 19:55:23 cat: Execute, proto: mysql-5, msg: SELECT sum(wiquty)as quty, sum(wisum)as sum FROM wio
WHERE wicode='027617'
AND (wiodate='')

2015-07-28 19:55:23 cat: Execute, proto: mysql-5, msg: SELECT sum(wiquty)as quty, sum(wisum)as sum FROM wio
WHERE wicode='027617'

2015-07-28 19:55:23 cat: Execute, proto: mysql-5, msg: SELECT wicode,crcode,wiodate FROM wio
WHERE crcode='00001'
AND ((wiodate='')OR(wimemo like '未付%'))
GROUP BY wicode

2015-07-28 19:55:23 cat: Execute, proto: mysql-5, msg: SELECT sum(wiquty)as quty, sum(wisum)as sum FROM wio
WHERE wicode='027618'
AND (wiodate='')

2015-07-28 19:55:23 cat: Execute, proto: mysql-5, msg: SELECT sum(wiquty)as quty, sum(wisum)as sum FROM wio
WHERE wicode='027618'

2015-07-28 19:55:28 cat: Execute, proto: mysql-5, msg: SELECT sum(wiquty) as s_quty, sum(wisum)as s_sum FROM wio
WHERE crcode='00001'
AND wiodate='104/07/28'
AND wisel='S'

2015-07-28 19:55:29 cat: Execute, proto: mysql-5, msg: SHOW KEYS FROM washshop.wio
2015-07-28 19:55:29 cat: Execute, proto: mysql-5, msg: UPDATE washshop.wio SET wiodate='104/07/28',wiotime='19:55:29',wisel='S' WHERE wicode='027618' AND wisno='000014' AND crcode='00001' AND wiitem='粉紅' AND winame='T恤' AND wiwash='會員' AND wiacc='' AND wimemo='' AND wiwamo=38 AND wiexkind='' AND wiexmo=0 AND wiquty=2 AND wisum=76 AND wiurge='N' AND widay='' AND wimdate='104/08/05' AND wiodate='' AND wiotime IS NULL AND wiplace='' AND widate='104/07/28' AND witime='19:38:28' AND wimark='' AND indate='' AND mark='' AND wisel='' AND pps=0 AND picture=''
2015-07-28 19:55:29 cat: Execute, proto: mysql-5, msg: SELECT sum(wiquty) as s_quty, sum(wisum)as s_sum FROM wio
WHERE crcode='00001'
AND wiodate='104/07/28'
AND wisel='S'

2015-07-28 19:55:38 cat: Execute, proto: mysql-5, msg: UPDATE washshop.wio SET wiodate='',wiotime=NULL,wisel='' WHERE wicode='027618' AND wisno='000014' AND crcode='00001' AND wiitem='粉紅' AND winame='T恤' AND wiwash='會員' AND wiacc='' AND wimemo='' AND wiwamo=38 AND wiexkind='' AND wiexmo=0 AND wiquty=2 AND wisum=76 AND wiurge='N' AND widay='' AND wimdate='104/08/05' AND wiodate='104/07/28' AND wiotime='19:55:29' AND wiplace='' AND widate='104/07/28' AND witime='19:38:28' AND wimark='' AND indate='' AND mark='' AND wisel='S' AND pps=0 AND picture=''
2015-07-28 19:55:38 cat: Execute, proto: mysql-5, msg: SELECT sum(wiquty) as s_quty, sum(wisum)as s_sum FROM wio
WHERE crcode='00001'
AND wiodate='104/07/28'
AND wisel='S'

2015-07-28 19:55:40 cat: Execute, proto: mysql-5, msg: SELECT sum(wiquty) as s_quty, sum(wisum)as s_sum FROM wio
WHERE crcode='00001'
AND wiodate='104/07/28'
AND wisel='S'

2015-07-28 19:55:42 cat: Execute, proto: mysql-5, msg: UPDATE washshop.wio SET wiodate='104/07/28',wiotime='19:55:42',wisel='S' WHERE wicode='027618' AND wisno='000014' AND crcode='00001' AND wiitem='粉紅' AND winame='T恤' AND wiwash='會員' AND wiacc='' AND wimemo='' AND wiwamo=38 AND wiexkind='' AND wiexmo=0 AND wiquty=2 AND wisum=76 AND wiurge='N' AND widay='' AND wimdate='104/08/05' AND wiodate='' AND wiotime IS NULL AND wiplace='' AND widate='104/07/28' AND witime='19:38:28' AND wimark='' AND indate='' AND mark='' AND wisel='' AND pps=0 AND picture=''
2015-07-28 19:55:42 cat: Execute, proto: mysql-5, msg: SELECT sum(wiquty) as s_quty, sum(wisum)as s_sum FROM wio
WHERE crcode='00001'
AND wiodate='104/07/28'
AND wisel='S'

2015-07-28 19:55:43 cat: Execute, proto: mysql-5, msg: SELECT wicode,crcode,wiodate FROM wio
WHERE crcode='00001'
AND ((wiodate='')OR(wimemo like '未付%'))
GROUP BY wicode

2015-07-28 19:55:43 cat: Execute, proto: mysql-5, msg: SELECT sum(wiquty)as quty, sum(wisum)as sum FROM wio
WHERE wicode='027617'
AND (wiodate='')

2015-07-28 19:55:43 cat: Execute, proto: mysql-5, msg: SELECT sum(wiquty)as quty, sum(wisum)as sum FROM wio
WHERE wicode='027617'

2015-07-28 19:55:44 cat: Execute, proto: mysql-5, msg: UPDATE washshop.wio SET wiodate='104/07/28',wiotime='19:55:44',wisel='S' WHERE wicode='027617' AND wisno='000013' AND crcode='00001' AND wiitem='天藍點' AND winame='女襯衫' AND wiwash='會員' AND wiacc='一套四' AND wimemo='附袋子' AND wiwamo=68 AND wiexkind='' AND wiexmo=0 AND wiquty=1 AND wisum=68 AND wiurge='N' AND widay='' AND wimdate='104/08/05' AND wiodate='' AND wiotime IS NULL AND wiplace='' AND widate='104/07/28' AND witime='19:36:01' AND wimark='' AND indate='' AND mark='' AND wisel='' AND pps=0 AND picture=''
2015-07-28 19:55:44 cat: Execute, proto: mysql-5, msg: SELECT wicode,crcode,wiodate FROM wio
WHERE crcode='00001'
AND ((wiodate='')OR(wimemo like '未付%'))
GROUP BY wicode

2015-07-28 19:55:44 cat: Execute, proto: mysql-5, msg: SELECT sum(wiquty)as quty, sum(wisum)as sum FROM wio
WHERE wicode='027618'
AND (wiodate='')

2015-07-28 19:55:44 cat: Execute, proto: mysql-5, msg: SELECT sum(wiquty)as quty, sum(wisum)as sum FROM wio
WHERE wicode='027618'

2015-07-28 19:55:44 cat: Execute, proto: mysql-5, msg: SELECT sum(wiquty) as s_quty, sum(wisum)as s_sum FROM wio
WHERE crcode='00001'
AND wiodate='104/07/28'
AND wisel='S'

2015-07-28 19:55:45 cat: Execute, proto: mysql-5, msg: SELECT wicode,crcode,wiodate FROM wio
WHERE crcode='00001'
AND ((wiodate='')OR(wimemo like '未付%'))
GROUP BY wicode

2015-07-28 19:55:45 cat: Execute, proto: mysql-5, msg: SELECT sum(wiquty)as quty, sum(wisum)as sum FROM wio
WHERE wicode='027617'
AND (wiodate='')

2015-07-28 19:55:45 cat: Execute, proto: mysql-5, msg: SELECT sum(wiquty)as quty, sum(wisum)as sum FROM wio
WHERE wicode='027617'

2015-07-28 19:55:46 cat: Execute, proto: mysql-5, msg: UPDATE washshop.wio SET wiodate='',wiotime=NULL,wisel='' WHERE wicode='027617' AND wisno='000013' AND crcode='00001' AND wiitem='天藍點' AND winame='女襯衫' AND wiwash='會員' AND wiacc='一套四' AND wimemo='附袋子' AND wiwamo=68 AND wiexkind='' AND wiexmo=0 AND wiquty=1 AND wisum=68 AND wiurge='N' AND widay='' AND wimdate='104/08/05' AND wiodate='104/07/28' AND wiotime='19:55:44' AND wiplace='' AND widate='104/07/28' AND witime='19:36:01' AND wimark='' AND indate='' AND mark='' AND wisel='S' AND pps=0 AND picture=''
2015-07-28 19:55:46 cat: Execute, proto: mysql-5, msg: SELECT wicode,crcode,wiodate FROM wio
WHERE crcode='00001'
AND ((wiodate='')OR(wimemo like '未付%'))
GROUP BY wicode

2015-07-28 19:55:46 cat: Execute, proto: mysql-5, msg: SELECT sum(wiquty)as quty, sum(wisum)as sum FROM wio
WHERE wicode='027618'
AND (wiodate='')

2015-07-28 19:55:46 cat: Execute, proto: mysql-5, msg: SELECT sum(wiquty)as quty, sum(wisum)as sum FROM wio
WHERE wicode='027618'

2015-07-28 19:55:46 cat: Execute, proto: mysql-5, msg: SELECT sum(wiquty) as s_quty, sum(wisum)as s_sum FROM wio
WHERE crcode='00001'
AND wiodate='104/07/28'
AND wisel='S'

2015-07-28 19:55:46 cat: Execute, proto: mysql-5, msg: UPDATE washshop.wio SET wiodate='',wiotime=NULL,wisel='' WHERE wicode='027618' AND wisno='000014' AND crcode='00001' AND wiitem='粉紅' AND winame='T恤' AND wiwash='會員' AND wiacc='' AND wimemo='' AND wiwamo=38 AND wiexkind='' AND wiexmo=0 AND wiquty=2 AND wisum=76 AND wiurge='N' AND widay='' AND wimdate='104/08/05' AND wiodate='104/07/28' AND wiotime='19:55:42' AND wiplace='' AND widate='104/07/28' AND witime='19:38:28' AND wimark='' AND indate='' AND mark='' AND wisel='S' AND pps=0 AND picture=''
2015-07-28 19:55:46 cat: Execute, proto: mysql-5, msg: SELECT sum(wiquty) as s_quty, sum(wisum)as s_sum FROM wio
WHERE crcode='00001'
AND wiodate='104/07/28'
AND wisel='S'

2015-07-28 19:55:47 cat: Execute, proto: mysql-5, msg: SELECT sum(wiquty) as s_quty, sum(wisum)as s_sum FROM wio
WHERE crcode='00001'
AND wiodate='104/07/28'
AND wisel='S'

2015-07-28 19:55:48 cat: Execute, proto: mysql-5, msg: UPDATE washshop.wio SET wiodate='104/07/28',wiotime='19:55:48',wisel='S' WHERE wicode='027618' AND wisno='000014' AND crcode='00001' AND wiitem='粉紅' AND winame='T恤' AND wiwash='會員' AND wiacc='' AND wimemo='' AND wiwamo=38 AND wiexkind='' AND wiexmo=0 AND wiquty=2 AND wisum=76 AND wiurge='N' AND widay='' AND wimdate='104/08/05' AND wiodate='' AND wiotime IS NULL AND wiplace='' AND widate='104/07/28' AND witime='19:38:28' AND wimark='' AND indate='' AND mark='' AND wisel='' AND pps=0 AND picture=''
2015-07-28 19:55:48 cat: Execute, proto: mysql-5, msg: SELECT sum(wiquty) as s_quty, sum(wisum)as s_sum FROM wio
WHERE crcode='00001'
AND wiodate='104/07/28'
AND wisel='S'

2015-07-28 19:55:49 cat: Execute, proto: mysql-5, msg: UPDATE washshop.wio SET wiodate='',wiotime=NULL,wisel='' WHERE wicode='027618' AND wisno='000014' AND crcode='00001' AND wiitem='粉紅' AND winame='T恤' AND wiwash='會員' AND wiacc='' AND wimemo='' AND wiwamo=38 AND wiexkind='' AND wiexmo=0 AND wiquty=2 AND wisum=76 AND wiurge='N' AND widay='' AND wimdate='104/08/05' AND wiodate='104/07/28' AND wiotime='19:55:48' AND wiplace='' AND widate='104/07/28' AND witime='19:38:28' AND wimark='' AND indate='' AND mark='' AND wisel='S' AND pps=0 AND picture=''
2015-07-28 19:55:49 cat: Execute, proto: mysql-5, msg: SELECT sum(wiquty) as s_quty, sum(wisum)as s_sum FROM wio
WHERE crcode='00001'
AND wiodate='104/07/28'
AND wisel='S'

2015-07-28 19:55:51 cat: Execute, proto: mysql-5, msg: UPDATE wio
SET wisel=''
WHERE crcode='00001' AND wisel='S'

2015-07-28 19:55:51 cat: Disconnect, proto: mysql-5, msg: DISCONNECT FROM "washshop"
2015-07-28 19:55:51 cat: Execute, proto: mysql-5, msg: SELECT sum(wiquty) as s_quty FROM wio
WHERE crcode='00001'
AND wiodate=''

2015-07-28 19:55:51 cat: Disconnect, proto: mysql-5, msg: DISCONNECT FROM "washshop"
2015-07-28 19:55:53 cat: Execute, proto: mysql-5, msg: SELECT * FROM dailymonitor 
ORDER BY sn DESC

2015-07-28 19:55:53 cat: Execute, proto: mysql-5, msg: SHOW TABLES FROM washshop LIKE 'dailymonitor'
2015-07-28 19:55:53 cat: Execute, proto: mysql-5, msg: SHOW COLUMNS FROM washshop.dailymonitor LIKE '%'
2015-07-28 19:55:53 cat: Execute, proto: mysql-5, msg: SHOW KEYS FROM washshop.dailymonitor
2015-07-28 19:55:53 cat: Execute, proto: mysql-5, msg: UPDATE washshop.dailymonitor SET offdt='104/07/28 19:55:53' WHERE sn=359
