2015-07-27 19:59:22 cat: Connect, proto: mysql-5, msg: CONNECT TO "washshop" AS USER "root"
2015-07-27 19:59:22 cat: Execute, proto: mysql-5, msg: SELECT * FROM compy

2015-07-27 19:59:22 cat: Execute, proto: mysql-5, msg: SHOW TABLES FROM washshop LIKE 'compy'
2015-07-27 19:59:22 cat: Execute, proto: mysql-5, msg: SHOW COLUMNS FROM washshop.compy LIKE '%'
2015-07-27 19:59:22 cat: Execute, proto: mysql-5, msg: SELECT * FROM .cr

2015-07-27 19:59:22 cat: Execute, proto: mysql-5, msg: SHOW TABLES FROM washshop LIKE 'cr'
2015-07-27 19:59:22 cat: Execute, proto: mysql-5, msg: SHOW COLUMNS FROM washshop.cr LIKE '%'
2015-07-27 19:59:22 cat: Execute, proto: mysql-5, msg: SELECT * FROM cr

2015-07-27 19:59:22 cat: Execute, proto: mysql-5, msg: INSERT INTO dailymonitor (ondt) VALUES ('104/07/27 19:59:22')
2015-07-27 19:59:25 cat: Execute, proto: mysql-5, msg: SELECT a.crcode, a.vpcode, max(a.vpedate) as edate, b.crmoney FROM vip as a
LEFT JOIN cr as b ON a.crcode = b.crcode
WHERE b.crmoney>0
GROUP BY a.crcode

2015-07-27 19:59:25 cat: Execute, proto: mysql-5, msg: SHOW TABLES FROM washshop LIKE 'vip'
2015-07-27 19:59:25 cat: Execute, proto: mysql-5, msg: SHOW COLUMNS FROM washshop.vip LIKE '%'
2015-07-27 19:59:27 cat: Execute, proto: mysql-5, msg: SELECT * FROM compy

2015-07-27 19:59:27 cat: Execute, proto: mysql-5, msg: SELECT * FROM cr
WHERE crmark='Y'
ORDER BY crcode

2015-07-27 19:59:27 cat: Connect, proto: mysql-5, msg: CONNECT TO "washshop" AS USER "root"
2015-07-27 19:59:27 cat: Execute, proto: mysql-5, msg: SELECT sum(wiquty)as s_quty,wiodate,wiplace FROM wio
WHERE crcode='00001'
AND wiodate=''
AND wiplace<>'' AND wiplace<>'付清'

2015-07-27 19:59:27 cat: Execute, proto: mysql-5, msg: SHOW TABLES FROM washshop LIKE 'wio'
2015-07-27 19:59:27 cat: Execute, proto: mysql-5, msg: SHOW COLUMNS FROM washshop.wio LIKE '%'
2015-07-27 19:59:27 cat: Execute, proto: mysql-5, msg: SELECT sum(wiquty)as s_quty,wiodate,wiplace FROM wio
WHERE crcode='00001'
AND wiodate=''

2015-07-27 19:59:27 cat: Execute, proto: mysql-5, msg: SELECT * FROM compy

2015-07-27 19:59:29 cat: Execute, proto: mysql-5, msg: SELECT * FROM cr
WHERE crcode='00001'
AND crmark='Y'

2015-07-27 19:59:29 cat: Disconnect, proto: mysql-5, msg: DISCONNECT FROM "washshop"
2015-07-27 19:59:29 cat: Execute, proto: mysql-5, msg: DELETE FROM pross_log
WHERE pross_date < '104/06/07'

2015-07-27 19:59:29 cat: Execute, proto: mysql-5, msg: SELECT * FROM pross_log

2015-07-27 19:59:29 cat: Execute, proto: mysql-5, msg: SHOW TABLES FROM washshop LIKE 'pross_log'
2015-07-27 19:59:29 cat: Execute, proto: mysql-5, msg: SHOW COLUMNS FROM washshop.pross_log LIKE '%'
2015-07-27 19:59:29 cat: Execute, proto: mysql-5, msg: INSERT INTO washshop.pross_log (sn,crcode,pross,pross_date,pross_time,sfname) VALUES (NULL,'00001','','104/07/27','19:59:29',NULL)
2015-07-27 19:59:29 cat: Connect, proto: mysql-5, msg: CONNECT TO "washshop" AS USER "root"
2015-07-27 19:59:29 cat: Execute, proto: mysql-5, msg: SELECT crcode,vpsdate,vpedate FROM vip
WHERE crcode='00001'
ORDER BY vpsdate DESC

2015-07-27 19:59:29 cat: Execute, proto: mysql-5, msg: SHOW TABLES FROM washshop LIKE 'vip'
2015-07-27 19:59:29 cat: Execute, proto: mysql-5, msg: SHOW COLUMNS FROM washshop.vip LIKE '%'
2015-07-27 19:59:29 cat: Execute, proto: mysql-5, msg: SELECT sum(wiquty) as s_quty FROM wio
WHERE crcode='00001'
AND wiodate=''

2015-07-27 19:59:29 cat: Execute, proto: mysql-5, msg: SHOW TABLES FROM washshop LIKE 'wio'
2015-07-27 19:59:29 cat: Execute, proto: mysql-5, msg: SHOW COLUMNS FROM washshop.wio LIKE '%'
2015-07-27 19:59:29 cat: Execute, proto: mysql-5, msg: SELECT * FROM compy

2015-07-27 19:59:29 cat: Execute, proto: mysql-5, msg: SELECT * FROM compy

2015-07-27 19:59:33 cat: Execute, proto: mysql-5, msg: SELECT * FROM cr
WHERE crmark='Y'
ORDER BY crcode

2015-07-27 19:59:33 cat: Connect, proto: mysql-5, msg: CONNECT TO "washshop" AS USER "root"
2015-07-27 19:59:33 cat: Execute, proto: mysql-5, msg: SELECT sum(wiquty)as s_quty,wiodate,wiplace FROM wio
WHERE crcode='00001'
AND wiodate=''
AND wiplace<>'' AND wiplace<>'付清'

2015-07-27 19:59:33 cat: Execute, proto: mysql-5, msg: SHOW TABLES FROM washshop LIKE 'wio'
2015-07-27 19:59:33 cat: Execute, proto: mysql-5, msg: SHOW COLUMNS FROM washshop.wio LIKE '%'
2015-07-27 19:59:33 cat: Execute, proto: mysql-5, msg: SELECT sum(wiquty)as s_quty,wiodate,wiplace FROM wio
WHERE crcode='00001'
AND wiodate=''

2015-07-27 19:59:33 cat: Execute, proto: mysql-5, msg: SELECT sum(wiquty)as s_quty,wiodate,wiplace FROM wio
WHERE crcode='00001'
AND wiodate=''
AND wiplace<>'' AND wiplace<>'付清'

2015-07-27 19:59:33 cat: Execute, proto: mysql-5, msg: SELECT sum(wiquty)as s_quty,wiodate,wiplace FROM wio
WHERE crcode='00001'
AND wiodate=''

2015-07-27 19:59:33 cat: Execute, proto: mysql-5, msg: SELECT * FROM compy

2015-07-27 19:59:34 cat: Execute, proto: mysql-5, msg: SELECT sum(wiquty)as s_quty,wiodate,wiplace FROM wio
WHERE crcode='00002'
AND wiodate=''
AND wiplace<>'' AND wiplace<>'付清'

2015-07-27 19:59:34 cat: Execute, proto: mysql-5, msg: SELECT sum(wiquty)as s_quty,wiodate,wiplace FROM wio
WHERE crcode='00002'
AND wiodate=''

2015-07-27 19:59:35 cat: Execute, proto: mysql-5, msg: SELECT sum(wiquty)as s_quty,wiodate,wiplace FROM wio
WHERE crcode='00003'
AND wiodate=''
AND wiplace<>'' AND wiplace<>'付清'

2015-07-27 19:59:35 cat: Execute, proto: mysql-5, msg: SELECT sum(wiquty)as s_quty,wiodate,wiplace FROM wio
WHERE crcode='00003'
AND wiodate=''

2015-07-27 19:59:35 cat: Execute, proto: mysql-5, msg: SELECT * FROM cr
WHERE crcode='00003'
AND crmark='Y'

2015-07-27 19:59:35 cat: Disconnect, proto: mysql-5, msg: DISCONNECT FROM "washshop"
2015-07-27 19:59:35 cat: Execute, proto: mysql-5, msg: DELETE FROM pross_log
WHERE pross_date < '104/06/07'

2015-07-27 19:59:35 cat: Execute, proto: mysql-5, msg: SELECT * FROM pross_log

2015-07-27 19:59:35 cat: Execute, proto: mysql-5, msg: INSERT INTO washshop.pross_log (sn,crcode,pross,pross_date,pross_time,sfname) VALUES (NULL,'00003','','104/07/27','19:59:35',NULL)
2015-07-27 19:59:35 cat: Execute, proto: mysql-5, msg: SELECT crcode,vpsdate,vpedate FROM vip
WHERE crcode='00003'
ORDER BY vpsdate DESC

2015-07-27 19:59:35 cat: Execute, proto: mysql-5, msg: SELECT sum(wiquty) as s_quty FROM wio
WHERE crcode='00003'
AND wiodate=''

2015-07-27 19:59:38 cat: Execute, proto: mysql-5, msg: DELETE FROM pross_log
WHERE pross_date < '104/06/07'

2015-07-27 19:59:38 cat: Execute, proto: mysql-5, msg: SELECT * FROM pross_log

2015-07-27 19:59:38 cat: Execute, proto: mysql-5, msg: INSERT INTO washshop.pross_log (sn,crcode,pross,pross_date,pross_time,sfname) VALUES (NULL,'00003','取件','104/07/27','19:59:38',NULL)
2015-07-27 19:59:38 cat: Connect, proto: mysql-5, msg: CONNECT TO "washshop" AS USER "root"
2015-07-27 19:59:38 cat: Execute, proto: mysql-5, msg: SELECT crcode,vpsdate,vpedate FROM vip
WHERE crcode='00003'
ORDER BY vpsdate DESC

2015-07-27 19:59:38 cat: Execute, proto: mysql-5, msg: SHOW TABLES FROM washshop LIKE 'vip'
2015-07-27 19:59:38 cat: Execute, proto: mysql-5, msg: SHOW COLUMNS FROM washshop.vip LIKE '%'
2015-07-27 19:59:38 cat: Execute, proto: mysql-5, msg: SELECT * FROM compy

2015-07-27 19:59:38 cat: Execute, proto: mysql-5, msg: SELECT * FROM wio
WHERE crcode='00003'
AND (wiodate='' OR wimemo like '未付%')
ORDER BY wicode,wisno

2015-07-27 19:59:38 cat: Execute, proto: mysql-5, msg: SHOW TABLES FROM washshop LIKE 'wio'
2015-07-27 19:59:38 cat: Execute, proto: mysql-5, msg: SHOW COLUMNS FROM washshop.wio LIKE '%'
2015-07-27 19:59:38 cat: Execute, proto: mysql-5, msg: SELECT sum(wiquty)as s_quty, sum(wisum)as s_sum FROM wio
WHERE crcode='00003'
AND wiodate=''

2015-07-27 19:59:38 cat: Execute, proto: mysql-5, msg: SELECT wicode,crcode,wiodate FROM wio
WHERE crcode='00003'
AND ((wiodate='')OR(wimemo like '未付%'))
GROUP BY wicode

2015-07-27 19:59:38 cat: Execute, proto: mysql-5, msg: SELECT sum(wiquty)as quty, sum(wisum)as sum FROM wio
WHERE wicode='027611'
AND (wiodate='')

2015-07-27 19:59:38 cat: Execute, proto: mysql-5, msg: SELECT sum(wiquty)as quty, sum(wisum)as sum FROM wio
WHERE wicode='027611'

2015-07-27 19:59:38 cat: Execute, proto: mysql-5, msg: SELECT * FROM compy

2015-07-27 19:59:39 cat: Execute, proto: mysql-5, msg: UPDATE wio
SET wisel=''
WHERE crcode='00003' AND wisel='S'

2015-07-27 19:59:39 cat: Disconnect, proto: mysql-5, msg: DISCONNECT FROM "washshop"
2015-07-27 19:59:39 cat: Execute, proto: mysql-5, msg: SELECT sum(wiquty) as s_quty FROM wio
WHERE crcode='00003'
AND wiodate=''

2015-07-27 19:59:44 cat: Execute, proto: mysql-5, msg: SELECT * FROM cr
WHERE crmark='Y'
ORDER BY crcode

2015-07-27 19:59:44 cat: Connect, proto: mysql-5, msg: CONNECT TO "washshop" AS USER "root"
2015-07-27 19:59:44 cat: Execute, proto: mysql-5, msg: SELECT sum(wiquty)as s_quty,wiodate,wiplace FROM wio
WHERE crcode='00001'
AND wiodate=''
AND wiplace<>'' AND wiplace<>'付清'

2015-07-27 19:59:44 cat: Execute, proto: mysql-5, msg: SHOW TABLES FROM washshop LIKE 'wio'
2015-07-27 19:59:44 cat: Execute, proto: mysql-5, msg: SHOW COLUMNS FROM washshop.wio LIKE '%'
2015-07-27 19:59:44 cat: Execute, proto: mysql-5, msg: SELECT sum(wiquty)as s_quty,wiodate,wiplace FROM wio
WHERE crcode='00001'
AND wiodate=''

2015-07-27 19:59:44 cat: Execute, proto: mysql-5, msg: SELECT sum(wiquty)as s_quty,wiodate,wiplace FROM wio
WHERE crcode='00001'
AND wiodate=''
AND wiplace<>'' AND wiplace<>'付清'

2015-07-27 19:59:44 cat: Execute, proto: mysql-5, msg: SELECT sum(wiquty)as s_quty,wiodate,wiplace FROM wio
WHERE crcode='00001'
AND wiodate=''

2015-07-27 19:59:44 cat: Execute, proto: mysql-5, msg: SELECT * FROM compy

2015-07-27 19:59:45 cat: Execute, proto: mysql-5, msg: SELECT * FROM cr
WHERE crcode='00001'
AND crmark='Y'

2015-07-27 19:59:45 cat: Disconnect, proto: mysql-5, msg: DISCONNECT FROM "washshop"
2015-07-27 19:59:45 cat: Execute, proto: mysql-5, msg: DELETE FROM pross_log
WHERE pross_date < '104/06/07'

2015-07-27 19:59:45 cat: Execute, proto: mysql-5, msg: SELECT * FROM pross_log

2015-07-27 19:59:45 cat: Execute, proto: mysql-5, msg: INSERT INTO washshop.pross_log (sn,crcode,pross,pross_date,pross_time,sfname) VALUES (NULL,'00001','','104/07/27','19:59:45',NULL)
2015-07-27 19:59:45 cat: Execute, proto: mysql-5, msg: SELECT crcode,vpsdate,vpedate FROM vip
WHERE crcode='00001'
ORDER BY vpsdate DESC

2015-07-27 19:59:45 cat: Execute, proto: mysql-5, msg: SELECT sum(wiquty) as s_quty FROM wio
WHERE crcode='00001'
AND wiodate=''

2015-07-27 19:59:46 cat: Execute, proto: mysql-5, msg: DELETE FROM pross_log
WHERE pross_date < '104/06/07'

2015-07-27 19:59:46 cat: Execute, proto: mysql-5, msg: SELECT * FROM pross_log

2015-07-27 19:59:46 cat: Execute, proto: mysql-5, msg: INSERT INTO washshop.pross_log (sn,crcode,pross,pross_date,pross_time,sfname) VALUES (NULL,'00001','取件','104/07/27','19:59:46',NULL)
2015-07-27 19:59:46 cat: Connect, proto: mysql-5, msg: CONNECT TO "washshop" AS USER "root"
2015-07-27 19:59:46 cat: Execute, proto: mysql-5, msg: SELECT crcode,vpsdate,vpedate FROM vip
WHERE crcode='00001'
ORDER BY vpsdate DESC

2015-07-27 19:59:46 cat: Execute, proto: mysql-5, msg: SHOW TABLES FROM washshop LIKE 'vip'
2015-07-27 19:59:46 cat: Execute, proto: mysql-5, msg: SHOW COLUMNS FROM washshop.vip LIKE '%'
2015-07-27 19:59:46 cat: Execute, proto: mysql-5, msg: SELECT * FROM compy

2015-07-27 19:59:46 cat: Execute, proto: mysql-5, msg: SELECT * FROM wio
WHERE crcode='00001'
AND (wiodate='' OR wimemo like '未付%')
ORDER BY wicode,wisno

2015-07-27 19:59:46 cat: Execute, proto: mysql-5, msg: SHOW TABLES FROM washshop LIKE 'wio'
2015-07-27 19:59:46 cat: Execute, proto: mysql-5, msg: SHOW COLUMNS FROM washshop.wio LIKE '%'
2015-07-27 19:59:46 cat: Execute, proto: mysql-5, msg: SELECT sum(wiquty)as s_quty, sum(wisum)as s_sum FROM wio
WHERE crcode='00001'
AND wiodate=''

2015-07-27 19:59:46 cat: Execute, proto: mysql-5, msg: SELECT wicode,crcode,wiodate FROM wio
WHERE crcode='00001'
AND ((wiodate='')OR(wimemo like '未付%'))
GROUP BY wicode

2015-07-27 19:59:46 cat: Execute, proto: mysql-5, msg: SELECT sum(wiquty)as quty, sum(wisum)as sum FROM wio
WHERE wicode='027609'
AND (wiodate='')

2015-07-27 19:59:46 cat: Execute, proto: mysql-5, msg: SELECT sum(wiquty)as quty, sum(wisum)as sum FROM wio
WHERE wicode='027609'

2015-07-27 19:59:47 cat: Execute, proto: mysql-5, msg: SELECT * FROM compy

