2015-07-28 19:35:52 cat: Connect, proto: mysql-5, msg: CONNECT TO "washshop" AS USER "root"
2015-07-28 19:35:52 cat: Execute, proto: mysql-5, msg: SELECT * FROM compy

2015-07-28 19:35:52 cat: Execute, proto: mysql-5, msg: SHOW TABLES FROM washshop LIKE 'compy'
2015-07-28 19:35:52 cat: Execute, proto: mysql-5, msg: SHOW COLUMNS FROM washshop.compy LIKE '%'
2015-07-28 19:35:52 cat: Execute, proto: mysql-5, msg: SELECT * FROM .cr

2015-07-28 19:35:52 cat: Execute, proto: mysql-5, msg: SHOW TABLES FROM washshop LIKE 'cr'
2015-07-28 19:35:52 cat: Execute, proto: mysql-5, msg: SHOW COLUMNS FROM washshop.cr LIKE '%'
2015-07-28 19:35:52 cat: Execute, proto: mysql-5, msg: SELECT * FROM cr

2015-07-28 19:35:52 cat: Execute, proto: mysql-5, msg: INSERT INTO dailymonitor (ondt) VALUES ('104/07/28 19:35:52')
2015-07-28 19:35:54 cat: Execute, proto: mysql-5, msg: SELECT a.crcode, a.vpcode, max(a.vpedate) as edate, b.crmoney FROM vip as a
LEFT JOIN cr as b ON a.crcode = b.crcode
WHERE b.crmoney>0
GROUP BY a.crcode

2015-07-28 19:35:54 cat: Execute, proto: mysql-5, msg: SHOW TABLES FROM washshop LIKE 'vip'
2015-07-28 19:35:54 cat: Execute, proto: mysql-5, msg: SHOW COLUMNS FROM washshop.vip LIKE '%'
2015-07-28 19:35:55 cat: Execute, proto: mysql-5, msg: SELECT * FROM compy

2015-07-28 19:35:55 cat: Execute, proto: mysql-5, msg: SELECT * FROM cr
WHERE crmark='Y'
ORDER BY crcode

2015-07-28 19:35:55 cat: Connect, proto: mysql-5, msg: CONNECT TO "washshop" AS USER "root"
2015-07-28 19:35:55 cat: Execute, proto: mysql-5, msg: SELECT sum(wiquty)as s_quty,wiodate,wiplace FROM wio
WHERE crcode='00001'
AND wiodate=''
AND wiplace<>'' AND wiplace<>'付清'

2015-07-28 19:35:55 cat: Execute, proto: mysql-5, msg: SHOW TABLES FROM washshop LIKE 'wio'
2015-07-28 19:35:55 cat: Execute, proto: mysql-5, msg: SHOW COLUMNS FROM washshop.wio LIKE '%'
2015-07-28 19:35:55 cat: Execute, proto: mysql-5, msg: SELECT sum(wiquty)as s_quty,wiodate,wiplace FROM wio
WHERE crcode='00001'
AND wiodate=''

2015-07-28 19:35:55 cat: Execute, proto: mysql-5, msg: SELECT * FROM compy

2015-07-28 19:35:59 cat: Execute, proto: mysql-5, msg: SELECT * FROM cr
WHERE crcode='00001'
AND crmark='Y'

2015-07-28 19:35:59 cat: Disconnect, proto: mysql-5, msg: DISCONNECT FROM "washshop"
2015-07-28 19:35:59 cat: Execute, proto: mysql-5, msg: DELETE FROM pross_log
WHERE pross_date < '104/06/08'

2015-07-28 19:35:59 cat: Execute, proto: mysql-5, msg: SELECT * FROM pross_log

2015-07-28 19:35:59 cat: Execute, proto: mysql-5, msg: SHOW TABLES FROM washshop LIKE 'pross_log'
2015-07-28 19:35:59 cat: Execute, proto: mysql-5, msg: SHOW COLUMNS FROM washshop.pross_log LIKE '%'
2015-07-28 19:35:59 cat: Execute, proto: mysql-5, msg: INSERT INTO washshop.pross_log (sn,crcode,pross,pross_date,pross_time,sfname) VALUES (NULL,'00001','','104/07/28','19:35:59',NULL)
2015-07-28 19:35:59 cat: Connect, proto: mysql-5, msg: CONNECT TO "washshop" AS USER "root"
2015-07-28 19:35:59 cat: Execute, proto: mysql-5, msg: SELECT crcode,vpsdate,vpedate FROM vip
WHERE crcode='00001'
ORDER BY vpsdate DESC

2015-07-28 19:35:59 cat: Execute, proto: mysql-5, msg: SHOW TABLES FROM washshop LIKE 'vip'
2015-07-28 19:35:59 cat: Execute, proto: mysql-5, msg: SHOW COLUMNS FROM washshop.vip LIKE '%'
2015-07-28 19:35:59 cat: Execute, proto: mysql-5, msg: SELECT sum(wiquty) as s_quty FROM wio
WHERE crcode='00001'
AND wiodate=''

2015-07-28 19:35:59 cat: Execute, proto: mysql-5, msg: SHOW TABLES FROM washshop LIKE 'wio'
2015-07-28 19:35:59 cat: Execute, proto: mysql-5, msg: SHOW COLUMNS FROM washshop.wio LIKE '%'
2015-07-28 19:35:59 cat: Execute, proto: mysql-5, msg: SELECT * FROM compy

2015-07-28 19:35:59 cat: Execute, proto: mysql-5, msg: SELECT * FROM compy

2015-07-28 19:36:01 cat: Execute, proto: mysql-5, msg: DELETE FROM pross_log
WHERE pross_date < '104/06/08'

2015-07-28 19:36:01 cat: Execute, proto: mysql-5, msg: SELECT * FROM pross_log

2015-07-28 19:36:01 cat: Execute, proto: mysql-5, msg: INSERT INTO washshop.pross_log (sn,crcode,pross,pross_date,pross_time,sfname) VALUES (NULL,'00001','收件','104/07/28','19:36:01',NULL)
2015-07-28 19:36:01 cat: Connect, proto: mysql-5, msg: CONNECT TO "washshop" AS USER "root"
2015-07-28 19:36:01 cat: Execute, proto: mysql-5, msg: SELECT crcode,vpsdate,vpedate FROM vip
WHERE crcode='00001'
ORDER BY vpsdate DESC

2015-07-28 19:36:01 cat: Execute, proto: mysql-5, msg: SHOW TABLES FROM washshop LIKE 'vip'
2015-07-28 19:36:01 cat: Execute, proto: mysql-5, msg: SHOW COLUMNS FROM washshop.vip LIKE '%'
2015-07-28 19:36:01 cat: Execute, proto: mysql-5, msg: SELECT * FROM wio_temp
WHERE crcode='00001'

2015-07-28 19:36:01 cat: Execute, proto: mysql-5, msg: SHOW TABLES FROM washshop LIKE 'wio_temp'
2015-07-28 19:36:01 cat: Execute, proto: mysql-5, msg: SHOW COLUMNS FROM washshop.wio_temp LIKE '%'
2015-07-28 19:36:01 cat: Execute, proto: mysql-5, msg: SELECT * FROM wio_temp
WHERE crcode='00001'
AND wicode='027617'
ORDER BY wisno DESC

2015-07-28 19:36:03 cat: Execute, proto: mysql-5, msg: SELECT * FROM compy

2015-07-28 19:36:03 cat: Execute, proto: mysql-5, msg: SELECT * FROM waitem
ORDER BY wano3

2015-07-28 19:36:03 cat: Execute, proto: mysql-5, msg: SHOW TABLES FROM washshop LIKE 'waitem'
2015-07-28 19:36:03 cat: Execute, proto: mysql-5, msg: SHOW COLUMNS FROM washshop.waitem LIKE '%'
2015-07-28 19:36:03 cat: Execute, proto: mysql-5, msg: SELECT * FROM wastyle
ORDER BY wano2

2015-07-28 19:36:03 cat: Execute, proto: mysql-5, msg: SHOW TABLES FROM washshop LIKE 'wastyle'
2015-07-28 19:36:03 cat: Execute, proto: mysql-5, msg: SHOW COLUMNS FROM washshop.wastyle LIKE '%'
2015-07-28 19:36:03 cat: Execute, proto: mysql-5, msg: SELECT * FROM wawash
ORDER BY wano6

2015-07-28 19:36:03 cat: Execute, proto: mysql-5, msg: SHOW TABLES FROM washshop LIKE 'wawash'
2015-07-28 19:36:03 cat: Execute, proto: mysql-5, msg: SHOW COLUMNS FROM washshop.wawash LIKE '%'
2015-07-28 19:36:04 cat: Execute, proto: mysql-5, msg: SELECT * FROM waacc
ORDER BY wano4

2015-07-28 19:36:04 cat: Execute, proto: mysql-5, msg: SHOW TABLES FROM washshop LIKE 'waacc'
2015-07-28 19:36:04 cat: Execute, proto: mysql-5, msg: SHOW COLUMNS FROM washshop.waacc LIKE '%'
2015-07-28 19:36:04 cat: Execute, proto: mysql-5, msg: SELECT * FROM wamemo
ORDER BY wano5

2015-07-28 19:36:04 cat: Execute, proto: mysql-5, msg: SHOW TABLES FROM washshop LIKE 'wamemo'
2015-07-28 19:36:04 cat: Execute, proto: mysql-5, msg: SHOW COLUMNS FROM washshop.wamemo LIKE '%'
2015-07-28 19:36:04 cat: Execute, proto: mysql-5, msg: SELECT * FROM waexkind
ORDER BY wano7

2015-07-28 19:36:04 cat: Execute, proto: mysql-5, msg: SHOW TABLES FROM washshop LIKE 'waexkind'
2015-07-28 19:36:04 cat: Execute, proto: mysql-5, msg: SHOW COLUMNS FROM washshop.waexkind LIKE '%'
2015-07-28 19:36:14 cat: Execute, proto: mysql-5, msg: SELECT * FROM wawash
WHERE wawash='贈送'

2015-07-28 19:36:14 cat: Execute, proto: mysql-5, msg: SELECT * FROM wastyle
WHERE wastyle='女襯衫'

2015-07-28 19:36:14 cat: Execute, proto: mysql-5, msg: select * from wio
where crcode='00001' and winame='女襯衫' and wiwash='贈送'
order by widate desc

2015-07-28 19:36:14 cat: Execute, proto: mysql-5, msg: SHOW TABLES FROM washshop LIKE 'wio'
2015-07-28 19:36:14 cat: Execute, proto: mysql-5, msg: SHOW COLUMNS FROM washshop.wio LIKE '%'
2015-07-28 19:36:32 cat: Execute, proto: mysql-5, msg: SELECT * FROM wawash
WHERE wawash='會員'

2015-07-28 19:36:32 cat: Execute, proto: mysql-5, msg: SELECT * FROM wastyle
WHERE wastyle='女襯衫'

2015-07-28 19:36:32 cat: Execute, proto: mysql-5, msg: select * from wio
where crcode='00001' and winame='女襯衫' and wiwash='會員'
order by widate desc

2015-07-28 19:36:41 cat: Execute, proto: mysql-5, msg: SELECT * FROM waacc WHERE wano4='24'
2015-07-28 19:36:41 cat: Execute, proto: mysql-5, msg: SHOW TABLES FROM washshop LIKE 'waacc'
2015-07-28 19:36:41 cat: Execute, proto: mysql-5, msg: SHOW COLUMNS FROM washshop.waacc LIKE '%'
2015-07-28 19:36:46 cat: Execute, proto: mysql-5, msg: SELECT * FROM wamemo WHERE wano5='59'
2015-07-28 19:36:46 cat: Execute, proto: mysql-5, msg: SHOW TABLES FROM washshop LIKE 'wamemo'
2015-07-28 19:36:46 cat: Execute, proto: mysql-5, msg: SHOW COLUMNS FROM washshop.wamemo LIKE '%'
2015-07-28 19:36:53 cat: Execute, proto: mysql-5, msg: select * from wio
where crcode='00001' and winame='女襯衫' and wiwash='會員'
order by widate desc

2015-07-28 19:37:00 cat: Execute, proto: mysql-5, msg: SELECT '',0,'','','','','','',''
2015-07-28 19:37:00 cat: Execute, proto: mysql-5, msg: INSERT INTO washshop.wio_temp (sno,wicode,wisno,crcode,wiitem,winame,wiwash,wiacc,wimemo,wiwamo,wiexkind,wiexmo,wiquty,wisum,wiurge,widay,wimdate,wiodate,wiotime,wiplace,widate,witime,wimark,indate,mark,tno,pps,picture) VALUES (NULL,'027617','000013','00001','天藍點','女襯衫','會員','一套四','附袋子',68,'',0,1,68,'N','','104/08/05','',NULL,'','104/07/28','19:36:01','','','','01',0,'')
2015-07-28 19:37:00 cat: Execute, proto: mysql-5, msg: SELECT * FROM wio_temp
WHERE crcode='00001'
AND wicode='027617'
ORDER BY wisno DESC

2015-07-28 19:37:37 cat: Execute, proto: mysql-5, msg: SELECT * FROM wio_temp
WHERE wicode='027617'
AND crcode='00001'
ORDER BY wisno

2015-07-28 19:37:38 cat: Execute, proto: mysql-5, msg: SELECT * FROM wio

2015-07-28 19:37:38 cat: Execute, proto: mysql-5, msg: INSERT INTO washshop.wio (wicode,wisno,crcode,wiitem,winame,wiwash,wiacc,wimemo,wiwamo,wiexkind,wiexmo,wiquty,wisum,wiurge,widay,wimdate,wiodate,wiotime,wiplace,widate,witime,wimark,indate,mark,wisel,pps,picture) VALUES ('027617','000013','00001','天藍點','女襯衫','會員','一套四','附袋子',68,'',0,1,68,'N','','104/08/05','',NULL,'','104/07/28','19:36:01','','','',NULL,0,'')
2015-07-28 19:37:38 cat: Execute, proto: mysql-5, msg: SHOW KEYS FROM washshop.wio_temp
2015-07-28 19:37:38 cat: Execute, proto: mysql-5, msg: DELETE FROM washshop.wio_temp WHERE sno=1330
2015-07-28 19:37:38 cat: Execute, proto: mysql-5, msg: SELECT * FROM compy

2015-07-28 19:37:38 cat: Execute, proto: mysql-5, msg: SHOW KEYS FROM washshop.compy
2015-07-28 19:37:38 cat: Execute, proto: mysql-5, msg: UPDATE washshop.compy SET cpwino=27617,cpwisno=13 WHERE cpname='洗衣達人乾洗名店中和店'
2015-07-28 19:37:38 cat: Execute, proto: mysql-5, msg: SELECT * FROM wo WHERE wicode='027617'
AND crcode='00001'

2015-07-28 19:37:38 cat: Execute, proto: mysql-5, msg: SHOW TABLES FROM washshop LIKE 'wo'
2015-07-28 19:37:38 cat: Execute, proto: mysql-5, msg: SHOW COLUMNS FROM washshop.wo LIKE '%'
2015-07-28 19:37:38 cat: Execute, proto: mysql-5, msg: INSERT INTO washshop.wo (wiosn,crcode,wicode,wisno,wototal,woptotal,worealmo,frgetmo,wocntmo,wopsen,widate,witime,sfname,fritem) VALUES (NULL,'00001','027617',NULL,-68,0,0,68,0,0,'104/07/28','19:37:38','','I')
2015-07-28 19:37:38 cat: Execute, proto: mysql-5, msg: SHOW KEYS FROM washshop.cr
2015-07-28 19:37:38 cat: Execute, proto: mysql-5, msg: UPDATE washshop.cr SET crmoney=-68,crmoney1=0 WHERE crcode='00001'
2015-07-28 19:37:38 cat: Disconnect, proto: mysql-5, msg: DISCONNECT FROM "washshop"
2015-07-28 19:37:38 cat: Execute, proto: mysql-5, msg: SELECT * FROM cr
WHERE crcode='00001'
AND crmark='Y'

2015-07-28 19:37:38 cat: Execute, proto: mysql-5, msg: SELECT crcode,vpsdate,vpedate FROM vip
WHERE crcode='00001'
ORDER BY vpsdate DESC

2015-07-28 19:37:38 cat: Execute, proto: mysql-5, msg: SELECT sum(wiquty) as s_quty FROM wio
WHERE crcode='00001'
AND wiodate=''

2015-07-28 19:37:43 cat: Disconnect, proto: mysql-5, msg: DISCONNECT FROM "washshop"
2015-07-28 19:37:46 cat: Execute, proto: mysql-5, msg: SELECT * FROM dailymonitor 
ORDER BY sn DESC

2015-07-28 19:37:46 cat: Execute, proto: mysql-5, msg: SHOW TABLES FROM washshop LIKE 'dailymonitor'
2015-07-28 19:37:46 cat: Execute, proto: mysql-5, msg: SHOW COLUMNS FROM washshop.dailymonitor LIKE '%'
2015-07-28 19:37:46 cat: Execute, proto: mysql-5, msg: SHOW KEYS FROM washshop.dailymonitor
2015-07-28 19:37:46 cat: Execute, proto: mysql-5, msg: UPDATE washshop.dailymonitor SET offdt='104/07/28 19:37:46' WHERE sn=355
