2015-09-01 16:56:57 cat: Connect, proto: mysql-5, msg: CONNECT TO "washshop" AS USER "root"
2015-09-01 16:56:57 cat: Execute, proto: mysql-5, msg: SELECT * FROM compy

2015-09-01 16:56:57 cat: Execute, proto: mysql-5, msg: SHOW TABLES FROM washshop LIKE 'compy'
2015-09-01 16:56:57 cat: Execute, proto: mysql-5, msg: SHOW COLUMNS FROM washshop.compy LIKE '%'
2015-09-01 16:56:57 cat: Execute, proto: mysql-5, msg: SELECT * FROM .cr

2015-09-01 16:56:57 cat: Execute, proto: mysql-5, msg: SHOW TABLES FROM washshop LIKE 'cr'
2015-09-01 16:56:57 cat: Execute, proto: mysql-5, msg: SHOW COLUMNS FROM washshop.cr LIKE '%'
2015-09-01 16:56:57 cat: Execute, proto: mysql-5, msg: SELECT * FROM cr

2015-09-01 16:56:57 cat: Execute, proto: mysql-5, msg: INSERT INTO dailymonitor (ondt) VALUES ('104/09/01 16:56:57')
2015-09-01 16:56:59 cat: Execute, proto: mysql-5, msg: SELECT a.crcode, a.vpcode, max(a.vpedate) as edate, b.crmoney FROM vip as a
LEFT JOIN cr as b ON a.crcode = b.crcode
WHERE b.crmoney>0
GROUP BY a.crcode

2015-09-01 16:56:59 cat: Execute, proto: mysql-5, msg: SHOW TABLES FROM washshop LIKE 'vip'
2015-09-01 16:56:59 cat: Execute, proto: mysql-5, msg: SHOW COLUMNS FROM washshop.vip LIKE '%'
2015-09-01 16:57:04 cat: Connect, proto: mysql-5, msg: CONNECT TO "washshop" AS USER "root"
2015-09-01 16:57:04 cat: Execute, proto: mysql-5, msg: SELECT * FROM compy

2015-09-01 16:57:04 cat: Execute, proto: mysql-5, msg: SHOW TABLES FROM washshop LIKE 'compy'
2015-09-01 16:57:04 cat: Execute, proto: mysql-5, msg: SHOW COLUMNS FROM washshop.compy LIKE '%'
2015-09-01 16:57:19 cat: Execute, proto: mysql-5, msg: SHOW KEYS FROM washshop.compy
2015-09-01 16:57:19 cat: Execute, proto: mysql-5, msg: UPDATE washshop.compy SET cpwisno=15,cpdayn=7 WHERE cpname='洗衣達人乾洗名店中和店'
2015-09-01 16:57:20 cat: Disconnect, proto: mysql-5, msg: DISCONNECT FROM "washshop"
