2015-07-28 19:43:51 cat: Connect, proto: mysql-5, msg: CONNECT TO "washshop" AS USER "root"
2015-07-28 19:43:51 cat: Execute, proto: mysql-5, msg: SELECT * FROM compy

2015-07-28 19:43:51 cat: Execute, proto: mysql-5, msg: SHOW TABLES FROM washshop LIKE 'compy'
2015-07-28 19:43:51 cat: Execute, proto: mysql-5, msg: SHOW COLUMNS FROM washshop.compy LIKE '%'
2015-07-28 19:43:51 cat: Execute, proto: mysql-5, msg: SELECT * FROM .cr

2015-07-28 19:43:51 cat: Execute, proto: mysql-5, msg: SHOW TABLES FROM washshop LIKE 'cr'
2015-07-28 19:43:51 cat: Execute, proto: mysql-5, msg: SHOW COLUMNS FROM washshop.cr LIKE '%'
2015-07-28 19:43:51 cat: Execute, proto: mysql-5, msg: SELECT * FROM cr

2015-07-28 19:43:51 cat: Execute, proto: mysql-5, msg: INSERT INTO dailymonitor (ondt) VALUES ('104/07/28 19:43:51')
2015-07-28 19:43:53 cat: Execute, proto: mysql-5, msg: SELECT a.crcode, a.vpcode, max(a.vpedate) as edate, b.crmoney FROM vip as a
LEFT JOIN cr as b ON a.crcode = b.crcode
WHERE b.crmoney>0
GROUP BY a.crcode

2015-07-28 19:43:53 cat: Execute, proto: mysql-5, msg: SHOW TABLES FROM washshop LIKE 'vip'
2015-07-28 19:43:53 cat: Execute, proto: mysql-5, msg: SHOW COLUMNS FROM washshop.vip LIKE '%'
2015-07-28 19:43:54 cat: Execute, proto: mysql-5, msg: SELECT * FROM compy

2015-07-28 19:43:54 cat: Execute, proto: mysql-5, msg: SELECT * FROM cr
WHERE crmark='Y'
ORDER BY crcode

2015-07-28 19:43:54 cat: Connect, proto: mysql-5, msg: CONNECT TO "washshop" AS USER "root"
2015-07-28 19:43:54 cat: Execute, proto: mysql-5, msg: SELECT sum(wiquty)as s_quty,wiodate,wiplace FROM wio
WHERE crcode='00001'
AND wiodate=''
AND wiplace<>'' AND wiplace<>'付清'

2015-07-28 19:43:54 cat: Execute, proto: mysql-5, msg: SHOW TABLES FROM washshop LIKE 'wio'
2015-07-28 19:43:54 cat: Execute, proto: mysql-5, msg: SHOW COLUMNS FROM washshop.wio LIKE '%'
2015-07-28 19:43:54 cat: Execute, proto: mysql-5, msg: SELECT sum(wiquty)as s_quty,wiodate,wiplace FROM wio
WHERE crcode='00001'
AND wiodate=''

2015-07-28 19:43:54 cat: Execute, proto: mysql-5, msg: SELECT * FROM compy

2015-07-28 19:43:56 cat: Execute, proto: mysql-5, msg: SELECT * FROM cr
WHERE crcode='00001'
AND crmark='Y'

2015-07-28 19:43:56 cat: Disconnect, proto: mysql-5, msg: DISCONNECT FROM "washshop"
2015-07-28 19:43:56 cat: Execute, proto: mysql-5, msg: DELETE FROM pross_log
WHERE pross_date < '104/06/08'

2015-07-28 19:43:56 cat: Execute, proto: mysql-5, msg: SELECT * FROM pross_log

2015-07-28 19:43:57 cat: Execute, proto: mysql-5, msg: SHOW TABLES FROM washshop LIKE 'pross_log'
2015-07-28 19:43:57 cat: Execute, proto: mysql-5, msg: SHOW COLUMNS FROM washshop.pross_log LIKE '%'
2015-07-28 19:43:57 cat: Execute, proto: mysql-5, msg: INSERT INTO washshop.pross_log (sn,crcode,pross,pross_date,pross_time,sfname) VALUES (NULL,'00001','','104/07/28','19:43:57',NULL)
2015-07-28 19:43:57 cat: Connect, proto: mysql-5, msg: CONNECT TO "washshop" AS USER "root"
2015-07-28 19:43:57 cat: Execute, proto: mysql-5, msg: SELECT crcode,vpsdate,vpedate FROM vip
WHERE crcode='00001'
ORDER BY vpsdate DESC

2015-07-28 19:43:57 cat: Execute, proto: mysql-5, msg: SHOW TABLES FROM washshop LIKE 'vip'
2015-07-28 19:43:57 cat: Execute, proto: mysql-5, msg: SHOW COLUMNS FROM washshop.vip LIKE '%'
2015-07-28 19:43:57 cat: Execute, proto: mysql-5, msg: SELECT sum(wiquty) as s_quty FROM wio
WHERE crcode='00001'
AND wiodate=''

2015-07-28 19:43:57 cat: Execute, proto: mysql-5, msg: SHOW TABLES FROM washshop LIKE 'wio'
2015-07-28 19:43:57 cat: Execute, proto: mysql-5, msg: SHOW COLUMNS FROM washshop.wio LIKE '%'
2015-07-28 19:43:57 cat: Execute, proto: mysql-5, msg: SELECT * FROM compy

2015-07-28 19:43:57 cat: Execute, proto: mysql-5, msg: SELECT * FROM compy

2015-07-28 19:43:59 cat: Execute, proto: mysql-5, msg: DELETE FROM pross_log
WHERE pross_date < '104/06/08'

2015-07-28 19:43:59 cat: Execute, proto: mysql-5, msg: SELECT * FROM pross_log

2015-07-28 19:43:59 cat: Execute, proto: mysql-5, msg: INSERT INTO washshop.pross_log (sn,crcode,pross,pross_date,pross_time,sfname) VALUES (NULL,'00001','取件','104/07/28','19:43:59',NULL)
2015-07-28 19:43:59 cat: Connect, proto: mysql-5, msg: CONNECT TO "washshop" AS USER "root"
2015-07-28 19:43:59 cat: Execute, proto: mysql-5, msg: SELECT crcode,vpsdate,vpedate FROM vip
WHERE crcode='00001'
ORDER BY vpsdate DESC

2015-07-28 19:43:59 cat: Execute, proto: mysql-5, msg: SHOW TABLES FROM washshop LIKE 'vip'
2015-07-28 19:43:59 cat: Execute, proto: mysql-5, msg: SHOW COLUMNS FROM washshop.vip LIKE '%'
2015-07-28 19:43:59 cat: Execute, proto: mysql-5, msg: SELECT * FROM compy

2015-07-28 19:43:59 cat: Execute, proto: mysql-5, msg: SELECT * FROM wio
WHERE crcode='00001'
AND (wiodate='' OR wimemo like '未付%')
ORDER BY wicode,wisno

2015-07-28 19:43:59 cat: Execute, proto: mysql-5, msg: SHOW TABLES FROM washshop LIKE 'wio'
2015-07-28 19:43:59 cat: Execute, proto: mysql-5, msg: SHOW COLUMNS FROM washshop.wio LIKE '%'
2015-07-28 19:43:59 cat: Execute, proto: mysql-5, msg: SELECT sum(wiquty)as s_quty, sum(wisum)as s_sum FROM wio
WHERE crcode='00001'
AND wiodate=''

2015-07-28 19:43:59 cat: Execute, proto: mysql-5, msg: SELECT wicode,crcode,wiodate FROM wio
WHERE crcode='00001'
AND ((wiodate='')OR(wimemo like '未付%'))
GROUP BY wicode

2015-07-28 19:43:59 cat: Execute, proto: mysql-5, msg: SELECT sum(wiquty)as quty, sum(wisum)as sum FROM wio
WHERE wicode='027609'
AND (wiodate='')

2015-07-28 19:43:59 cat: Execute, proto: mysql-5, msg: SELECT sum(wiquty)as quty, sum(wisum)as sum FROM wio
WHERE wicode='027609'

2015-07-28 19:43:59 cat: Execute, proto: mysql-5, msg: SELECT * FROM compy

2015-07-28 19:44:01 cat: Execute, proto: mysql-5, msg: SELECT wicode,crcode,wiodate FROM wio
WHERE crcode='00001'
AND ((wiodate='')OR(wimemo like '未付%'))
GROUP BY wicode

2015-07-28 19:44:01 cat: Execute, proto: mysql-5, msg: SELECT sum(wiquty)as quty, sum(wisum)as sum FROM wio
WHERE wicode='027609'
AND (wiodate='')

2015-07-28 19:44:01 cat: Execute, proto: mysql-5, msg: SELECT sum(wiquty)as quty, sum(wisum)as sum FROM wio
WHERE wicode='027609'

2015-07-28 19:44:01 cat: Execute, proto: mysql-5, msg: SELECT wicode,crcode,wiodate FROM wio
WHERE crcode='00001'
AND ((wiodate='')OR(wimemo like '未付%'))
GROUP BY wicode

2015-07-28 19:44:01 cat: Execute, proto: mysql-5, msg: SELECT sum(wiquty)as quty, sum(wisum)as sum FROM wio
WHERE wicode='027617'
AND (wiodate='')

2015-07-28 19:44:01 cat: Execute, proto: mysql-5, msg: SELECT sum(wiquty)as quty, sum(wisum)as sum FROM wio
WHERE wicode='027617'

2015-07-28 19:44:01 cat: Execute, proto: mysql-5, msg: SELECT wicode,crcode,wiodate FROM wio
WHERE crcode='00001'
AND ((wiodate='')OR(wimemo like '未付%'))
GROUP BY wicode

2015-07-28 19:44:01 cat: Execute, proto: mysql-5, msg: SELECT sum(wiquty)as quty, sum(wisum)as sum FROM wio
WHERE wicode='027618'
AND (wiodate='')

2015-07-28 19:44:01 cat: Execute, proto: mysql-5, msg: SELECT sum(wiquty)as quty, sum(wisum)as sum FROM wio
WHERE wicode='027618'

2015-07-28 19:44:02 cat: Execute, proto: mysql-5, msg: SELECT sum(wiquty) as s_quty, sum(wisum)as s_sum FROM wio
WHERE crcode='00001'
AND wiodate='104/07/28'
AND wisel='S'

2015-07-28 19:44:03 cat: Execute, proto: mysql-5, msg: SHOW KEYS FROM washshop.wio
2015-07-28 19:44:03 cat: Execute, proto: mysql-5, msg: UPDATE washshop.wio SET wiodate='104/07/28',wiotime='19:44:03',wisel='S' WHERE wicode='027618' AND wisno='000014' AND crcode='00001' AND wiitem='粉紅' AND winame='T恤' AND wiwash='會員' AND wiacc='' AND wimemo='' AND wiwamo=38 AND wiexkind='' AND wiexmo=0 AND wiquty=2 AND wisum=76 AND wiurge='N' AND widay='' AND wimdate='104/08/05' AND wiodate='' AND wiotime IS NULL AND wiplace='' AND widate='104/07/28' AND witime='19:38:28' AND wimark='' AND indate='' AND mark='' AND wisel='' AND pps=0 AND picture=''
2015-07-28 19:44:03 cat: Execute, proto: mysql-5, msg: SELECT sum(wiquty) as s_quty, sum(wisum)as s_sum FROM wio
WHERE crcode='00001'
AND wiodate='104/07/28'
AND wisel='S'

2015-07-28 19:44:04 cat: Execute, proto: mysql-5, msg: UPDATE washshop.wio SET wiodate='',wiotime=NULL,wisel='' WHERE wicode='027618' AND wisno='000014' AND crcode='00001' AND wiitem='粉紅' AND winame='T恤' AND wiwash='會員' AND wiacc='' AND wimemo='' AND wiwamo=38 AND wiexkind='' AND wiexmo=0 AND wiquty=2 AND wisum=76 AND wiurge='N' AND widay='' AND wimdate='104/08/05' AND wiodate='104/07/28' AND wiotime='19:44:03' AND wiplace='' AND widate='104/07/28' AND witime='19:38:28' AND wimark='' AND indate='' AND mark='' AND wisel='S' AND pps=0 AND picture=''
2015-07-28 19:44:04 cat: Execute, proto: mysql-5, msg: SELECT sum(wiquty) as s_quty, sum(wisum)as s_sum FROM wio
WHERE crcode='00001'
AND wiodate='104/07/28'
AND wisel='S'

2015-07-28 19:44:37 cat: Execute, proto: mysql-5, msg: SELECT sum(wiquty) as s_quty, sum(wisum)as s_sum FROM wio
WHERE crcode='00001'
AND wiodate='104/07/28'
AND wisel='S'

2015-07-28 19:44:47 cat: Execute, proto: mysql-5, msg: UPDATE washshop.wio SET wiodate='104/07/28',wiotime='19:44:47',wisel='S' WHERE wicode='027618' AND wisno='000014' AND crcode='00001' AND wiitem='粉紅' AND winame='T恤' AND wiwash='會員' AND wiacc='' AND wimemo='' AND wiwamo=38 AND wiexkind='' AND wiexmo=0 AND wiquty=2 AND wisum=76 AND wiurge='N' AND widay='' AND wimdate='104/08/05' AND wiodate='' AND wiotime IS NULL AND wiplace='' AND widate='104/07/28' AND witime='19:38:28' AND wimark='' AND indate='' AND mark='' AND wisel='' AND pps=0 AND picture=''
2015-07-28 19:44:47 cat: Execute, proto: mysql-5, msg: SELECT sum(wiquty) as s_quty, sum(wisum)as s_sum FROM wio
WHERE crcode='00001'
AND wiodate='104/07/28'
AND wisel='S'

2015-07-28 19:44:51 cat: Execute, proto: mysql-5, msg: UPDATE washshop.wio SET wiodate='',wiotime=NULL,wisel='' WHERE wicode='027618' AND wisno='000014' AND crcode='00001' AND wiitem='粉紅' AND winame='T恤' AND wiwash='會員' AND wiacc='' AND wimemo='' AND wiwamo=38 AND wiexkind='' AND wiexmo=0 AND wiquty=2 AND wisum=76 AND wiurge='N' AND widay='' AND wimdate='104/08/05' AND wiodate='104/07/28' AND wiotime='19:44:47' AND wiplace='' AND widate='104/07/28' AND witime='19:38:28' AND wimark='' AND indate='' AND mark='' AND wisel='S' AND pps=0 AND picture=''
2015-07-28 19:44:51 cat: Execute, proto: mysql-5, msg: SELECT sum(wiquty) as s_quty, sum(wisum)as s_sum FROM wio
WHERE crcode='00001'
AND wiodate='104/07/28'
AND wisel='S'

2015-07-28 19:44:52 cat: Execute, proto: mysql-5, msg: SELECT sum(wiquty) as s_quty, sum(wisum)as s_sum FROM wio
WHERE crcode='00001'
AND wiodate='104/07/28'
AND wisel='S'

2015-07-28 19:45:45 cat: Execute, proto: mysql-5, msg: UPDATE washshop.wio SET wiodate='104/07/28',wiotime='19:45:45',wisel='S' WHERE wicode='027618' AND wisno='000014' AND crcode='00001' AND wiitem='粉紅' AND winame='T恤' AND wiwash='會員' AND wiacc='' AND wimemo='' AND wiwamo=38 AND wiexkind='' AND wiexmo=0 AND wiquty=2 AND wisum=76 AND wiurge='N' AND widay='' AND wimdate='104/08/05' AND wiodate='' AND wiotime IS NULL AND wiplace='' AND widate='104/07/28' AND witime='19:38:28' AND wimark='' AND indate='' AND mark='' AND wisel='' AND pps=0 AND picture=''
2015-07-28 19:45:45 cat: Execute, proto: mysql-5, msg: SELECT sum(wiquty) as s_quty, sum(wisum)as s_sum FROM wio
WHERE crcode='00001'
AND wiodate='104/07/28'
AND wisel='S'

2015-07-28 19:45:53 cat: Execute, proto: mysql-5, msg: UPDATE washshop.wio SET wiodate='',wiotime=NULL,wisel='' WHERE wicode='027618' AND wisno='000014' AND crcode='00001' AND wiitem='粉紅' AND winame='T恤' AND wiwash='會員' AND wiacc='' AND wimemo='' AND wiwamo=38 AND wiexkind='' AND wiexmo=0 AND wiquty=2 AND wisum=76 AND wiurge='N' AND widay='' AND wimdate='104/08/05' AND wiodate='104/07/28' AND wiotime='19:45:45' AND wiplace='' AND widate='104/07/28' AND witime='19:38:28' AND wimark='' AND indate='' AND mark='' AND wisel='S' AND pps=0 AND picture=''
2015-07-28 19:45:53 cat: Execute, proto: mysql-5, msg: SELECT sum(wiquty) as s_quty, sum(wisum)as s_sum FROM wio
WHERE crcode='00001'
AND wiodate='104/07/28'
AND wisel='S'

2015-07-28 19:46:14 cat: Execute, proto: mysql-5, msg: SELECT sum(wiquty) as s_quty, sum(wisum)as s_sum FROM wio
WHERE crcode='00001'
AND wiodate='104/07/28'
AND wisel='S'

2015-07-28 19:46:32 cat: Execute, proto: mysql-5, msg: UPDATE washshop.wio SET wiodate='104/07/28',wiotime='19:46:32',wisel='S' WHERE wicode='027618' AND wisno='000014' AND crcode='00001' AND wiitem='粉紅' AND winame='T恤' AND wiwash='會員' AND wiacc='' AND wimemo='' AND wiwamo=38 AND wiexkind='' AND wiexmo=0 AND wiquty=2 AND wisum=76 AND wiurge='N' AND widay='' AND wimdate='104/08/05' AND wiodate='' AND wiotime IS NULL AND wiplace='' AND widate='104/07/28' AND witime='19:38:28' AND wimark='' AND indate='' AND mark='' AND wisel='' AND pps=0 AND picture=''
2015-07-28 19:46:32 cat: Execute, proto: mysql-5, msg: SELECT sum(wiquty) as s_quty, sum(wisum)as s_sum FROM wio
WHERE crcode='00001'
AND wiodate='104/07/28'
AND wisel='S'

2015-07-28 19:47:21 cat: Execute, proto: mysql-5, msg: UPDATE washshop.wio SET wiodate='',wiotime=NULL,wisel='' WHERE wicode='027618' AND wisno='000014' AND crcode='00001' AND wiitem='粉紅' AND winame='T恤' AND wiwash='會員' AND wiacc='' AND wimemo='' AND wiwamo=38 AND wiexkind='' AND wiexmo=0 AND wiquty=2 AND wisum=76 AND wiurge='N' AND widay='' AND wimdate='104/08/05' AND wiodate='104/07/28' AND wiotime='19:46:32' AND wiplace='' AND widate='104/07/28' AND witime='19:38:28' AND wimark='' AND indate='' AND mark='' AND wisel='S' AND pps=0 AND picture=''
2015-07-28 19:47:25 cat: Execute, proto: mysql-5, msg: SELECT sum(wiquty) as s_quty, sum(wisum)as s_sum FROM wio
WHERE crcode='00001'
AND wiodate='104/07/28'
AND wisel='S'

2015-07-28 19:48:17 cat: Execute, proto: mysql-5, msg: SELECT sum(wiquty) as s_quty, sum(wisum)as s_sum FROM wio
WHERE crcode='00001'
AND wiodate='104/07/28'
AND wisel='S'

2015-07-28 19:48:54 cat: Execute, proto: mysql-5, msg: UPDATE washshop.wio SET wiodate='104/07/28',wiotime='19:48:54',wisel='S' WHERE wicode='027618' AND wisno='000014' AND crcode='00001' AND wiitem='粉紅' AND winame='T恤' AND wiwash='會員' AND wiacc='' AND wimemo='' AND wiwamo=38 AND wiexkind='' AND wiexmo=0 AND wiquty=2 AND wisum=76 AND wiurge='N' AND widay='' AND wimdate='104/08/05' AND wiodate='' AND wiotime IS NULL AND wiplace='' AND widate='104/07/28' AND witime='19:38:28' AND wimark='' AND indate='' AND mark='' AND wisel='' AND pps=0 AND picture=''
2015-07-28 19:48:54 cat: Execute, proto: mysql-5, msg: SELECT sum(wiquty) as s_quty, sum(wisum)as s_sum FROM wio
WHERE crcode='00001'
AND wiodate='104/07/28'
AND wisel='S'

2015-07-28 19:49:04 cat: Execute, proto: mysql-5, msg: UPDATE washshop.wio SET wiodate='',wiotime=NULL,wisel='' WHERE wicode='027618' AND wisno='000014' AND crcode='00001' AND wiitem='粉紅' AND winame='T恤' AND wiwash='會員' AND wiacc='' AND wimemo='' AND wiwamo=38 AND wiexkind='' AND wiexmo=0 AND wiquty=2 AND wisum=76 AND wiurge='N' AND widay='' AND wimdate='104/08/05' AND wiodate='104/07/28' AND wiotime='19:48:54' AND wiplace='' AND widate='104/07/28' AND witime='19:38:28' AND wimark='' AND indate='' AND mark='' AND wisel='S' AND pps=0 AND picture=''
2015-07-28 19:49:04 cat: Execute, proto: mysql-5, msg: SELECT sum(wiquty) as s_quty, sum(wisum)as s_sum FROM wio
WHERE crcode='00001'
AND wiodate='104/07/28'
AND wisel='S'

2015-07-28 19:49:17 cat: Execute, proto: mysql-5, msg: SELECT sum(wiquty) as s_quty, sum(wisum)as s_sum FROM wio
WHERE crcode='00001'
AND wiodate='104/07/28'
AND wisel='S'

2015-07-28 19:49:19 cat: Execute, proto: mysql-5, msg: UPDATE washshop.wio SET wiodate='104/07/28',wiotime='19:49:19',wisel='S' WHERE wicode='027618' AND wisno='000014' AND crcode='00001' AND wiitem='粉紅' AND winame='T恤' AND wiwash='會員' AND wiacc='' AND wimemo='' AND wiwamo=38 AND wiexkind='' AND wiexmo=0 AND wiquty=2 AND wisum=76 AND wiurge='N' AND widay='' AND wimdate='104/08/05' AND wiodate='' AND wiotime IS NULL AND wiplace='' AND widate='104/07/28' AND witime='19:38:28' AND wimark='' AND indate='' AND mark='' AND wisel='' AND pps=0 AND picture=''
2015-07-28 19:49:19 cat: Execute, proto: mysql-5, msg: SELECT sum(wiquty) as s_quty, sum(wisum)as s_sum FROM wio
WHERE crcode='00001'
AND wiodate='104/07/28'
AND wisel='S'

