2015-07-17 13:38:03 cat: Connect, proto: mysql-5, msg: CONNECT TO "washshop" AS USER "root"
2015-07-17 13:38:03 cat: Execute, proto: mysql-5, msg: SELECT * FROM compy

2015-07-17 13:38:03 cat: Execute, proto: mysql-5, msg: SHOW TABLES FROM washshop LIKE 'compy'
2015-07-17 13:38:03 cat: Execute, proto: mysql-5, msg: SHOW COLUMNS FROM washshop.compy LIKE '%'
2015-07-17 13:38:03 cat: Execute, proto: mysql-5, msg: SELECT * FROM .cr

2015-07-17 13:38:03 cat: Execute, proto: mysql-5, msg: SHOW TABLES FROM washshop LIKE 'cr'
2015-07-17 13:38:03 cat: Execute, proto: mysql-5, msg: SHOW COLUMNS FROM washshop.cr LIKE '%'
2015-07-17 13:38:03 cat: Execute, proto: mysql-5, msg: SELECT * FROM cr

2015-07-17 13:38:04 cat: Execute, proto: mysql-5, msg: INSERT INTO dailymonitor (ondt) VALUES ('104/07/17 13:38:03')
2015-07-17 13:38:06 cat: Execute, proto: mysql-5, msg: SELECT a.crcode, a.vpcode, max(a.vpedate) as edate, b.crmoney FROM vip as a
LEFT JOIN cr as b ON a.crcode = b.crcode
WHERE b.crmoney>0
GROUP BY a.crcode

2015-07-17 13:38:06 cat: Execute, proto: mysql-5, msg: SHOW TABLES FROM washshop LIKE 'vip'
2015-07-17 13:38:06 cat: Execute, proto: mysql-5, msg: SHOW COLUMNS FROM washshop.vip LIKE '%'
2015-07-17 13:38:08 cat: Execute, proto: mysql-5, msg: SELECT * FROM compy

2015-07-17 13:38:08 cat: Execute, proto: mysql-5, msg: SELECT * FROM compy

2015-07-17 13:38:09 cat: Connect, proto: mysql-5, msg: CONNECT TO "washshop" AS USER "root"
2015-07-17 13:38:09 cat: Execute, proto: mysql-5, msg: select * from wio
WHERE wiodate=''
ORDER BY widate DESC,wicode DESC,wisno DESC

2015-07-17 13:38:09 cat: Execute, proto: mysql-5, msg: SHOW TABLES FROM washshop LIKE 'wio'
2015-07-17 13:38:09 cat: Execute, proto: mysql-5, msg: SHOW COLUMNS FROM washshop.wio LIKE '%'
2015-07-17 13:38:30 cat: Execute, proto: mysql-5, msg: SELECT * FROM wio
WHERE wisno='001153'
AND wiodate=''
AND indate=''

2015-07-17 13:39:00 cat: Disconnect, proto: mysql-5, msg: DISCONNECT FROM "washshop"
2015-07-17 13:39:03 cat: Connect, proto: mysql-5, msg: CONNECT TO "washshop" AS USER "root"
2015-07-17 13:39:03 cat: Execute, proto: mysql-5, msg: SELECT * FROM compy

2015-07-17 13:39:03 cat: Execute, proto: mysql-5, msg: SHOW TABLES FROM washshop LIKE 'compy'
2015-07-17 13:39:03 cat: Execute, proto: mysql-5, msg: SHOW COLUMNS FROM washshop.compy LIKE '%'
2015-07-17 13:39:14 cat: Disconnect, proto: mysql-5, msg: DISCONNECT FROM "washshop"
2015-07-17 13:39:15 cat: Execute, proto: mysql-5, msg: SELECT * FROM compy

2015-07-17 13:39:16 cat: Execute, proto: mysql-5, msg: SELECT * FROM compy

2015-07-17 13:39:16 cat: Connect, proto: mysql-5, msg: CONNECT TO "washshop" AS USER "root"
2015-07-17 13:39:16 cat: Execute, proto: mysql-5, msg: select * from wio
WHERE wiodate=''
ORDER BY widate DESC,wicode DESC,wisno DESC

2015-07-17 13:39:16 cat: Execute, proto: mysql-5, msg: SHOW TABLES FROM washshop LIKE 'wio'
2015-07-17 13:39:16 cat: Execute, proto: mysql-5, msg: SHOW COLUMNS FROM washshop.wio LIKE '%'
2015-07-17 13:39:48 cat: Execute, proto: mysql-5, msg: SELECT * FROM wio
WHERE wisno='001142'
AND wiodate=''
AND indate=''

2015-07-17 13:39:48 cat: Execute, proto: mysql-5, msg: SHOW KEYS FROM washshop.wio
2015-07-17 13:39:49 cat: Execute, proto: mysql-5, msg: UPDATE washshop.wio SET wiplace='0717',wimark='1',indate='104/07/17' WHERE wicode='027612' AND wisno='001142' AND crcode='00004' AND wiitem='彩色' AND winame='毛衣背心' AND wiwash='會員' AND wiacc='一套四' AND wimemo='自願水洗' AND wiwamo=50 AND wiexkind='' AND wiexmo=0 AND wiquty=1 AND wisum=40 AND wiurge='N' AND widay='' AND wimdate='104/05/02' AND wiodate='' AND wiotime IS NULL AND wiplace='' AND widate='104/04/24' AND witime='09:56:32' AND wimark='' AND indate='' AND mark='' AND wisel='' AND pps=20 AND picture=''
2015-07-17 13:39:49 cat: Execute, proto: mysql-5, msg: select * from wio
WHERE wiodate=''
ORDER BY widate DESC,wicode DESC,wisno DESC

2015-07-17 13:40:09 cat: Disconnect, proto: mysql-5, msg: DISCONNECT FROM "washshop"
2015-07-17 13:40:10 cat: Execute, proto: mysql-5, msg: SELECT * FROM dailymonitor 
ORDER BY sn DESC

2015-07-17 13:40:10 cat: Execute, proto: mysql-5, msg: SHOW TABLES FROM washshop LIKE 'dailymonitor'
2015-07-17 13:40:10 cat: Execute, proto: mysql-5, msg: SHOW COLUMNS FROM washshop.dailymonitor LIKE '%'
2015-07-17 13:40:10 cat: Execute, proto: mysql-5, msg: SHOW KEYS FROM washshop.dailymonitor
2015-07-17 13:40:10 cat: Execute, proto: mysql-5, msg: UPDATE washshop.dailymonitor SET offdt='104/07/17 13:40:10' WHERE sn=347
