2015-09-01 17:10:39 cat: Connect, proto: mysql-5, msg: CONNECT TO "washshop" AS USER "root"
2015-09-01 17:10:39 cat: Execute, proto: mysql-5, msg: SELECT * FROM compy

2015-09-01 17:10:39 cat: Execute, proto: mysql-5, msg: SHOW TABLES FROM washshop LIKE 'compy'
2015-09-01 17:10:39 cat: Execute, proto: mysql-5, msg: SHOW COLUMNS FROM washshop.compy LIKE '%'
2015-09-01 17:10:39 cat: Execute, proto: mysql-5, msg: SELECT * FROM .cr

2015-09-01 17:10:39 cat: Execute, proto: mysql-5, msg: SHOW TABLES FROM washshop LIKE 'cr'
2015-09-01 17:10:39 cat: Execute, proto: mysql-5, msg: SHOW COLUMNS FROM washshop.cr LIKE '%'
2015-09-01 17:10:39 cat: Execute, proto: mysql-5, msg: SELECT * FROM cr

2015-09-01 17:10:40 cat: Execute, proto: mysql-5, msg: INSERT INTO dailymonitor (ondt) VALUES ('104/09/01 17:10:40')
2015-09-01 17:10:42 cat: Execute, proto: mysql-5, msg: SELECT a.crcode, a.vpcode, max(a.vpedate) as edate, b.crmoney FROM vip as a
LEFT JOIN cr as b ON a.crcode = b.crcode
WHERE b.crmoney>0
GROUP BY a.crcode

2015-09-01 17:10:42 cat: Execute, proto: mysql-5, msg: SHOW TABLES FROM washshop LIKE 'vip'
2015-09-01 17:10:42 cat: Execute, proto: mysql-5, msg: SHOW COLUMNS FROM washshop.vip LIKE '%'
2015-09-01 17:10:42 cat: Execute, proto: mysql-5, msg: SELECT * FROM compy

2015-09-01 17:10:42 cat: Execute, proto: mysql-5, msg: SELECT * FROM cr
WHERE crmark='Y'
ORDER BY crcode

2015-09-01 17:10:42 cat: Connect, proto: mysql-5, msg: CONNECT TO "washshop" AS USER "root"
2015-09-01 17:10:42 cat: Execute, proto: mysql-5, msg: SELECT sum(wiquty)as s_quty,wiodate,wiplace FROM wio
WHERE crcode='00001'
AND wiodate=''
AND wiplace<>'' AND wiplace<>'¥I²M'

2015-09-01 17:10:42 cat: Execute, proto: mysql-5, msg: SHOW TABLES FROM washshop LIKE 'wio'
2015-09-01 17:10:43 cat: Execute, proto: mysql-5, msg: SHOW COLUMNS FROM washshop.wio LIKE '%'
2015-09-01 17:10:43 cat: Execute, proto: mysql-5, msg: SELECT sum(wiquty)as s_quty,wiodate,wiplace FROM wio
WHERE crcode='00001'
AND wiodate=''

2015-09-01 17:10:43 cat: Execute, proto: mysql-5, msg: SELECT * FROM compy

2015-09-01 17:10:47 cat: Execute, proto: mysql-5, msg: SELECT * FROM cr
WHERE crcode='00001'
AND crmark='Y'

2015-09-01 17:10:47 cat: Disconnect, proto: mysql-5, msg: DISCONNECT FROM "washshop"
2015-09-01 17:10:47 cat: Execute, proto: mysql-5, msg: DELETE FROM pross_log
WHERE pross_date < '104/07/13'

2015-09-01 17:10:47 cat: Execute, proto: mysql-5, msg: SELECT * FROM pross_log

2015-09-01 17:10:47 cat: Execute, proto: mysql-5, msg: SHOW TABLES FROM washshop LIKE 'pross_log'
2015-09-01 17:10:47 cat: Execute, proto: mysql-5, msg: SHOW COLUMNS FROM washshop.pross_log LIKE '%'
2015-09-01 17:10:47 cat: Execute, proto: mysql-5, msg: INSERT INTO washshop.pross_log (sn,crcode,pross,pross_date,pross_time,sfname) VALUES (NULL,'00001','','104/09/01','17:10:47',NULL)
2015-09-01 17:10:47 cat: Connect, proto: mysql-5, msg: CONNECT TO "washshop" AS USER "root"
2015-09-01 17:10:47 cat: Execute, proto: mysql-5, msg: SELECT crcode,vpsdate,vpedate FROM vip
WHERE crcode='00001'
ORDER BY vpsdate DESC

2015-09-01 17:10:47 cat: Execute, proto: mysql-5, msg: SHOW TABLES FROM washshop LIKE 'vip'
2015-09-01 17:10:47 cat: Execute, proto: mysql-5, msg: SHOW COLUMNS FROM washshop.vip LIKE '%'
2015-09-01 17:10:47 cat: Execute, proto: mysql-5, msg: SELECT sum(wiquty) as s_quty FROM wio
WHERE crcode='00001'
AND wiodate=''

2015-09-01 17:10:47 cat: Execute, proto: mysql-5, msg: SHOW TABLES FROM washshop LIKE 'wio'
2015-09-01 17:10:47 cat: Execute, proto: mysql-5, msg: SHOW COLUMNS FROM washshop.wio LIKE '%'
2015-09-01 17:10:47 cat: Execute, proto: mysql-5, msg: SELECT * FROM compy

2015-09-01 17:10:47 cat: Execute, proto: mysql-5, msg: SELECT * FROM compy

2015-09-01 17:10:48 cat: Execute, proto: mysql-5, msg: DELETE FROM pross_log
WHERE pross_date < '104/07/13'

2015-09-01 17:10:48 cat: Execute, proto: mysql-5, msg: SELECT * FROM pross_log

2015-09-01 17:10:48 cat: Execute, proto: mysql-5, msg: INSERT INTO washshop.pross_log (sn,crcode,pross,pross_date,pross_time,sfname) VALUES (NULL,'00001','¦¬¥ó','104/09/01','17:10:48',NULL)
2015-09-01 17:10:48 cat: Connect, proto: mysql-5, msg: CONNECT TO "washshop" AS USER "root"
2015-09-01 17:10:48 cat: Execute, proto: mysql-5, msg: SELECT crcode,vpsdate,vpedate FROM vip
WHERE crcode='00001'
ORDER BY vpsdate DESC

2015-09-01 17:10:48 cat: Execute, proto: mysql-5, msg: SHOW TABLES FROM washshop LIKE 'vip'
2015-09-01 17:10:48 cat: Execute, proto: mysql-5, msg: SHOW COLUMNS FROM washshop.vip LIKE '%'
2015-09-01 17:10:49 cat: Execute, proto: mysql-5, msg: SELECT * FROM wio_temp
WHERE crcode='00001'

2015-09-01 17:10:49 cat: Execute, proto: mysql-5, msg: SHOW TABLES FROM washshop LIKE 'wio_temp'
2015-09-01 17:10:49 cat: Execute, proto: mysql-5, msg: SHOW COLUMNS FROM washshop.wio_temp LIKE '%'
2015-09-01 17:10:49 cat: Execute, proto: mysql-5, msg: SELECT * FROM wio_temp
WHERE crcode='00001'
AND wicode='027619'
ORDER BY wisno DESC

2015-09-01 17:10:51 cat: Execute, proto: mysql-5, msg: SELECT * FROM compy

2015-09-01 17:10:51 cat: Execute, proto: mysql-5, msg: SELECT * FROM waitem
ORDER BY wano3

2015-09-01 17:10:51 cat: Execute, proto: mysql-5, msg: SHOW TABLES FROM washshop LIKE 'waitem'
2015-09-01 17:10:51 cat: Execute, proto: mysql-5, msg: SHOW COLUMNS FROM washshop.waitem LIKE '%'
2015-09-01 17:10:51 cat: Execute, proto: mysql-5, msg: SELECT * FROM wastyle
ORDER BY wano2

2015-09-01 17:10:51 cat: Execute, proto: mysql-5, msg: SHOW TABLES FROM washshop LIKE 'wastyle'
2015-09-01 17:10:51 cat: Execute, proto: mysql-5, msg: SHOW COLUMNS FROM washshop.wastyle LIKE '%'
2015-09-01 17:10:51 cat: Execute, proto: mysql-5, msg: SELECT * FROM wawash
ORDER BY wano6

2015-09-01 17:10:51 cat: Execute, proto: mysql-5, msg: SHOW TABLES FROM washshop LIKE 'wawash'
2015-09-01 17:10:51 cat: Execute, proto: mysql-5, msg: SHOW COLUMNS FROM washshop.wawash LIKE '%'
2015-09-01 17:10:51 cat: Execute, proto: mysql-5, msg: SELECT * FROM waacc
ORDER BY wano4

2015-09-01 17:10:51 cat: Execute, proto: mysql-5, msg: SHOW TABLES FROM washshop LIKE 'waacc'
2015-09-01 17:10:51 cat: Execute, proto: mysql-5, msg: SHOW COLUMNS FROM washshop.waacc LIKE '%'
2015-09-01 17:10:51 cat: Execute, proto: mysql-5, msg: SELECT * FROM wamemo
ORDER BY wano5

2015-09-01 17:10:51 cat: Execute, proto: mysql-5, msg: SHOW TABLES FROM washshop LIKE 'wamemo'
2015-09-01 17:10:51 cat: Execute, proto: mysql-5, msg: SHOW COLUMNS FROM washshop.wamemo LIKE '%'
2015-09-01 17:10:51 cat: Execute, proto: mysql-5, msg: SELECT * FROM waexkind
ORDER BY wano7

2015-09-01 17:10:51 cat: Execute, proto: mysql-5, msg: SHOW TABLES FROM washshop LIKE 'waexkind'
2015-09-01 17:10:51 cat: Execute, proto: mysql-5, msg: SHOW COLUMNS FROM washshop.waexkind LIKE '%'
2015-09-01 17:10:57 cat: Execute, proto: mysql-5, msg: SELECT * FROM wawash
WHERE wawash='ÃØ°e'

2015-09-01 17:10:57 cat: Execute, proto: mysql-5, msg: SELECT * FROM wastyle
WHERE wastyle='¥ð¶¢¥~®M'

2015-09-01 17:10:57 cat: Execute, proto: mysql-5, msg: select * from wio
where crcode='00001' and winame='¥ð¶¢¥~®M' and wiwash='ÃØ°e'
order by widate desc

2015-09-01 17:10:57 cat: Execute, proto: mysql-5, msg: SHOW TABLES FROM washshop LIKE 'wio'
2015-09-01 17:10:57 cat: Execute, proto: mysql-5, msg: SHOW COLUMNS FROM washshop.wio LIKE '%'
2015-09-01 17:11:02 cat: Execute, proto: mysql-5, msg: SELECT '',0,'','','','','','',''
2015-09-01 17:11:02 cat: Execute, proto: mysql-5, msg: INSERT INTO washshop.wio_temp (sno,wicode,wisno,crcode,wiitem,winame,wiwash,wiacc,wimemo,wiwamo,wiexkind,wiexmo,wiquty,wisum,wiurge,widay,wimdate,wiodate,wiotime,wiplace,widate,witime,wimark,indate,mark,tno,pps,picture) VALUES (NULL,'027619','000016','00001','ª½¤ÑÂÅ','¥ð¶¢¥~®M','ÃØ°e','','',0,'',0,1,0,'N','','104/09/09','',NULL,'','104/09/01','17:10:48','','','','01',0,'')
2015-09-01 17:11:02 cat: Execute, proto: mysql-5, msg: SELECT * FROM wio_temp
WHERE crcode='00001'
AND wicode='027619'
ORDER BY wisno DESC

2015-09-01 17:11:10 cat: Execute, proto: mysql-5, msg: SELECT * FROM wawash
WHERE wawash='ÃØ°e'

2015-09-01 17:11:10 cat: Execute, proto: mysql-5, msg: SELECT * FROM wastyle
WHERE wastyle='¤kÅ¨­m'

2015-09-01 17:11:10 cat: Execute, proto: mysql-5, msg: select * from wio
where crcode='00001' and winame='¤kÅ¨­m' and wiwash='ÃØ°e'
order by widate desc

2015-09-01 17:11:12 cat: Execute, proto: mysql-5, msg: SELECT '',0,'','','','','','',''
2015-09-01 17:11:12 cat: Execute, proto: mysql-5, msg: INSERT INTO washshop.wio_temp (sno,wicode,wisno,crcode,wiitem,winame,wiwash,wiacc,wimemo,wiwamo,wiexkind,wiexmo,wiquty,wisum,wiurge,widay,wimdate,wiodate,wiotime,wiplace,widate,witime,wimark,indate,mark,tno,pps,picture) VALUES (NULL,'027619','000017','00001','½§±ø®æ','¤kÅ¨­m','ÃØ°e','','',0,'',0,1,0,'N','','104/09/09','',NULL,'','104/09/01','17:10:48','','','','02',0,'')
2015-09-01 17:11:12 cat: Execute, proto: mysql-5, msg: SELECT * FROM wio_temp
WHERE crcode='00001'
AND wicode='027619'
ORDER BY wisno DESC

2015-09-01 17:11:15 cat: Execute, proto: mysql-5, msg: SELECT * FROM wio_temp
WHERE wicode='027619'
AND crcode='00001'
ORDER BY wisno

2015-09-01 17:11:15 cat: Execute, proto: mysql-5, msg: SELECT * FROM wio

2015-09-01 17:11:16 cat: Execute, proto: mysql-5, msg: INSERT INTO washshop.wio (wicode,wisno,crcode,wiitem,winame,wiwash,wiacc,wimemo,wiwamo,wiexkind,wiexmo,wiquty,wisum,wiurge,widay,wimdate,wiodate,wiotime,wiplace,widate,witime,wimark,indate,mark,wisel,pps,picture) VALUES ('027619','000016','00001','ª½¤ÑÂÅ','¥ð¶¢¥~®M','ÃØ°e','','',0,'',0,1,0,'N','','104/09/09','',NULL,'','104/09/01','17:10:48','','','',NULL,0,'')
2015-09-01 17:11:16 cat: Execute, proto: mysql-5, msg: SHOW KEYS FROM washshop.wio_temp
2015-09-01 17:11:16 cat: Execute, proto: mysql-5, msg: DELETE FROM washshop.wio_temp WHERE sno=1332
2015-09-01 17:11:16 cat: Execute, proto: mysql-5, msg: INSERT INTO washshop.wio (wicode,wisno,crcode,wiitem,winame,wiwash,wiacc,wimemo,wiwamo,wiexkind,wiexmo,wiquty,wisum,wiurge,widay,wimdate,wiodate,wiotime,wiplace,widate,witime,wimark,indate,mark,wisel,pps,picture) VALUES ('027619','000017','00001','½§±ø®æ','¤kÅ¨­m','ÃØ°e','','',0,'',0,1,0,'N','','104/09/09','',NULL,'','104/09/01','17:10:48','','','',NULL,0,'')
2015-09-01 17:11:16 cat: Execute, proto: mysql-5, msg: DELETE FROM washshop.wio_temp WHERE sno=1333
2015-09-01 17:11:16 cat: Execute, proto: mysql-5, msg: SELECT * FROM compy

2015-09-01 17:11:16 cat: Execute, proto: mysql-5, msg: SHOW KEYS FROM washshop.compy
2015-09-01 17:11:16 cat: Execute, proto: mysql-5, msg: UPDATE washshop.compy SET cpwino=27619,cpwisno=17 WHERE cpname='¬~¦ç¹F¤H°®¬~¦W©±¤¤©M©±'
2015-09-01 17:11:16 cat: Execute, proto: mysql-5, msg: SELECT * FROM wo WHERE wicode='027619'
AND crcode='00001'

2015-09-01 17:11:16 cat: Execute, proto: mysql-5, msg: SHOW TABLES FROM washshop LIKE 'wo'
2015-09-01 17:11:16 cat: Execute, proto: mysql-5, msg: SHOW COLUMNS FROM washshop.wo LIKE '%'
2015-09-01 17:11:16 cat: Execute, proto: mysql-5, msg: INSERT INTO washshop.wo (wiosn,crcode,wicode,wisno,wototal,woptotal,worealmo,frgetmo,wocntmo,wopsen,widate,witime,sfname,fritem) VALUES (NULL,'00001','',NULL,-144,-144,0,0,0,0,'104/09/01','17:11:16','','x')
2015-09-01 17:11:16 cat: Execute, proto: mysql-5, msg: SHOW KEYS FROM washshop.cr
2015-09-01 17:11:16 cat: Execute, proto: mysql-5, msg: UPDATE washshop.cr SET crmoney1=-144 WHERE crcode='00001'
2015-09-01 17:11:16 cat: Disconnect, proto: mysql-5, msg: DISCONNECT FROM "washshop"
2015-09-01 17:11:16 cat: Execute, proto: mysql-5, msg: SELECT * FROM cr
WHERE crcode='00001'
AND crmark='Y'

2015-09-01 17:11:16 cat: Execute, proto: mysql-5, msg: SELECT crcode,vpsdate,vpedate FROM vip
WHERE crcode='00001'
ORDER BY vpsdate DESC

2015-09-01 17:11:16 cat: Execute, proto: mysql-5, msg: SELECT sum(wiquty) as s_quty FROM wio
WHERE crcode='00001'
AND wiodate=''

