2015-07-03 10:45:55 cat: Connect, proto: mysql-5, msg: CONNECT TO "washshop" AS USER "root"
2015-07-03 10:45:55 cat: Execute, proto: mysql-5, msg: SELECT * FROM compy

2015-07-03 10:45:55 cat: Execute, proto: mysql-5, msg: SHOW TABLES FROM washshop LIKE 'compy'
2015-07-03 10:45:55 cat: Execute, proto: mysql-5, msg: SHOW COLUMNS FROM washshop.compy LIKE '%'
2015-07-03 10:45:55 cat: Execute, proto: mysql-5, msg: SELECT * FROM .cr

2015-07-03 10:45:55 cat: Execute, proto: mysql-5, msg: SHOW TABLES FROM washshop LIKE 'cr'
2015-07-03 10:45:55 cat: Execute, proto: mysql-5, msg: SHOW COLUMNS FROM washshop.cr LIKE '%'
2015-07-03 10:45:55 cat: Execute, proto: mysql-5, msg: SELECT * FROM cr

2015-07-03 10:45:55 cat: Execute, proto: mysql-5, msg: INSERT INTO dailymonitor (ondt) VALUES ('104/07/03 10:45:55')
2015-07-03 10:46:00 cat: Execute, proto: mysql-5, msg: SELECT a.crcode, a.vpcode, max(a.vpedate) as edate, b.crmoney FROM vip as a
LEFT JOIN cr as b ON a.crcode = b.crcode
WHERE b.crmoney>0
GROUP BY a.crcode

2015-07-03 10:46:00 cat: Execute, proto: mysql-5, msg: SHOW TABLES FROM washshop LIKE 'vip'
2015-07-03 10:46:00 cat: Execute, proto: mysql-5, msg: SHOW COLUMNS FROM washshop.vip LIKE '%'
2015-07-03 10:46:03 cat: Connect, proto: mysql-5, msg: CONNECT TO "washshop" AS USER "root"
2015-07-03 10:46:03 cat: Execute, proto: mysql-5, msg: SELECT * FROM compy

2015-07-03 10:46:03 cat: Execute, proto: mysql-5, msg: SHOW TABLES FROM washshop LIKE 'compy'
2015-07-03 10:46:03 cat: Execute, proto: mysql-5, msg: SHOW COLUMNS FROM washshop.compy LIKE '%'
2015-07-03 10:46:57 cat: Disconnect, proto: mysql-5, msg: DISCONNECT FROM "washshop"
2015-07-03 10:47:09 cat: Execute, proto: mysql-5, msg: SELECT * FROM compy

2015-07-03 10:47:09 cat: Execute, proto: mysql-5, msg: SELECT * FROM cr
WHERE crmark='Y'
ORDER BY crcode

2015-07-03 10:47:09 cat: Connect, proto: mysql-5, msg: CONNECT TO "washshop" AS USER "root"
2015-07-03 10:47:10 cat: Execute, proto: mysql-5, msg: SELECT sum(wiquty)as s_quty,wiodate,wiplace FROM wio
WHERE crcode='00001'
AND wiodate=''
AND wiplace<>'' AND wiplace<>'¥I²M'

2015-07-03 10:47:10 cat: Execute, proto: mysql-5, msg: SHOW TABLES FROM washshop LIKE 'wio'
2015-07-03 10:47:10 cat: Execute, proto: mysql-5, msg: SHOW COLUMNS FROM washshop.wio LIKE '%'
2015-07-03 10:47:10 cat: Execute, proto: mysql-5, msg: SELECT sum(wiquty)as s_quty,wiodate,wiplace FROM wio
WHERE crcode='00001'
AND wiodate=''

2015-07-03 10:47:10 cat: Execute, proto: mysql-5, msg: SELECT * FROM compy

2015-07-03 10:47:14 cat: Execute, proto: mysql-5, msg: SELECT * FROM cr
WHERE crcode='00001'
AND crmark='Y'

2015-07-03 10:47:14 cat: Disconnect, proto: mysql-5, msg: DISCONNECT FROM "washshop"
2015-07-03 10:47:14 cat: Execute, proto: mysql-5, msg: DELETE FROM pross_log
WHERE pross_date < '104/05/14'

2015-07-03 10:47:14 cat: Execute, proto: mysql-5, msg: SELECT * FROM pross_log

2015-07-03 10:47:14 cat: Execute, proto: mysql-5, msg: SHOW TABLES FROM washshop LIKE 'pross_log'
2015-07-03 10:47:14 cat: Execute, proto: mysql-5, msg: SHOW COLUMNS FROM washshop.pross_log LIKE '%'
2015-07-03 10:47:14 cat: Execute, proto: mysql-5, msg: INSERT INTO washshop.pross_log (sn,crcode,pross,pross_date,pross_time,sfname) VALUES (NULL,'00001','','104/07/03','10:47:14',NULL)
2015-07-03 10:47:14 cat: Connect, proto: mysql-5, msg: CONNECT TO "washshop" AS USER "root"
2015-07-03 10:47:14 cat: Execute, proto: mysql-5, msg: SELECT crcode,vpsdate,vpedate FROM vip
WHERE crcode='00001'
ORDER BY vpsdate DESC

2015-07-03 10:47:14 cat: Execute, proto: mysql-5, msg: SHOW TABLES FROM washshop LIKE 'vip'
2015-07-03 10:47:14 cat: Execute, proto: mysql-5, msg: SHOW COLUMNS FROM washshop.vip LIKE '%'
2015-07-03 10:47:14 cat: Execute, proto: mysql-5, msg: SELECT sum(wiquty) as s_quty FROM wio
WHERE crcode='00001'
AND wiodate=''

2015-07-03 10:47:14 cat: Execute, proto: mysql-5, msg: SHOW TABLES FROM washshop LIKE 'wio'
2015-07-03 10:47:14 cat: Execute, proto: mysql-5, msg: SHOW COLUMNS FROM washshop.wio LIKE '%'
2015-07-03 10:47:14 cat: Execute, proto: mysql-5, msg: SELECT * FROM compy

2015-07-03 10:47:14 cat: Execute, proto: mysql-5, msg: SELECT * FROM compy

2015-07-03 10:47:17 cat: Disconnect, proto: mysql-5, msg: DISCONNECT FROM "washshop"
2015-07-03 10:47:18 cat: Execute, proto: mysql-5, msg: SELECT * FROM compy

2015-07-03 10:47:18 cat: Execute, proto: mysql-5, msg: SELECT * FROM compy

2015-07-03 10:47:18 cat: Connect, proto: mysql-5, msg: CONNECT TO "washshop" AS USER "root"
2015-07-03 10:47:18 cat: Execute, proto: mysql-5, msg: select * from wio
WHERE wiodate=''
ORDER BY widate DESC,wicode DESC,wisno DESC

2015-07-03 10:47:18 cat: Execute, proto: mysql-5, msg: SHOW TABLES FROM washshop LIKE 'wio'
2015-07-03 10:47:18 cat: Execute, proto: mysql-5, msg: SHOW COLUMNS FROM washshop.wio LIKE '%'
