2015-08-11 10:59:47 cat: Connect, proto: mysql-5, msg: CONNECT TO "washshop" AS USER "root"
2015-08-11 10:59:47 cat: Execute, proto: mysql-5, msg: SELECT * FROM compy

2015-08-11 10:59:47 cat: Execute, proto: mysql-5, msg: SHOW TABLES FROM washshop LIKE 'compy'
2015-08-11 10:59:47 cat: Execute, proto: mysql-5, msg: SHOW COLUMNS FROM washshop.compy LIKE '%'
2015-08-11 10:59:48 cat: Execute, proto: mysql-5, msg: SELECT * FROM .cr

2015-08-11 10:59:48 cat: Execute, proto: mysql-5, msg: SHOW TABLES FROM washshop LIKE 'cr'
2015-08-11 10:59:48 cat: Execute, proto: mysql-5, msg: SHOW COLUMNS FROM washshop.cr LIKE '%'
2015-08-11 10:59:48 cat: Execute, proto: mysql-5, msg: SELECT * FROM cr

2015-08-11 10:59:48 cat: Execute, proto: mysql-5, msg: INSERT INTO dailymonitor (ondt) VALUES ('104/08/11 10:59:48')
2015-08-11 10:59:50 cat: Execute, proto: mysql-5, msg: SELECT a.crcode, a.vpcode, max(a.vpedate) as edate, b.crmoney FROM vip as a
LEFT JOIN cr as b ON a.crcode = b.crcode
WHERE b.crmoney>0
GROUP BY a.crcode

2015-08-11 10:59:50 cat: Execute, proto: mysql-5, msg: SHOW TABLES FROM washshop LIKE 'vip'
2015-08-11 10:59:50 cat: Execute, proto: mysql-5, msg: SHOW COLUMNS FROM washshop.vip LIKE '%'
2015-08-11 10:59:50 cat: Execute, proto: mysql-5, msg: SELECT * FROM compy

2015-08-11 10:59:50 cat: Execute, proto: mysql-5, msg: SELECT * FROM compy

2015-08-11 10:59:50 cat: Connect, proto: mysql-5, msg: CONNECT TO "washshop" AS USER "root"
2015-08-11 10:59:50 cat: Execute, proto: mysql-5, msg: select * from wio
WHERE wiodate=''
ORDER BY widate DESC,wicode DESC,wisno DESC

2015-08-11 10:59:50 cat: Execute, proto: mysql-5, msg: SHOW TABLES FROM washshop LIKE 'wio'
2015-08-11 10:59:50 cat: Execute, proto: mysql-5, msg: SHOW COLUMNS FROM washshop.wio LIKE '%'
2015-08-11 11:00:01 cat: Execute, proto: mysql-5, msg: SELECT * FROM wio
WHERE wisno='001151'
AND wiodate=''
AND indate=''

2015-08-11 11:00:01 cat: Execute, proto: mysql-5, msg: SHOW KEYS FROM washshop.wio
2015-08-11 11:00:01 cat: Execute, proto: mysql-5, msg: UPDATE washshop.wio SET wiplace='0811',wimark='1',indate='104/08/11' WHERE wicode='027613' AND wisno='001151' AND crcode='00008' AND wiitem='花點金' AND winame='運動衣' AND wiwash='會員' AND wiacc='一套二' AND wimemo='沾油漆' AND wiwamo=68 AND wiexkind='' AND wiexmo=0 AND wiquty=1 AND wisum=61 AND wiurge='N' AND widay='' AND wimdate='104/05/02' AND wiodate='' AND wiotime IS NULL AND wiplace='' AND widate='104/04/24' AND witime='10:44:49' AND wimark='' AND indate='' AND mark='' AND wisel IS NULL AND pps=10 AND picture=''
2015-08-11 11:00:01 cat: Execute, proto: mysql-5, msg: select * from wio
WHERE wiodate=''
ORDER BY widate DESC,wicode DESC,wisno DESC

2015-08-11 11:00:06 cat: Disconnect, proto: mysql-5, msg: DISCONNECT FROM "washshop"
2015-08-11 11:00:08 cat: Execute, proto: mysql-5, msg: SELECT * FROM dailymonitor 
ORDER BY sn DESC

2015-08-11 11:00:08 cat: Execute, proto: mysql-5, msg: SHOW TABLES FROM washshop LIKE 'dailymonitor'
2015-08-11 11:00:08 cat: Execute, proto: mysql-5, msg: SHOW COLUMNS FROM washshop.dailymonitor LIKE '%'
2015-08-11 11:00:08 cat: Execute, proto: mysql-5, msg: SHOW KEYS FROM washshop.dailymonitor
2015-08-11 11:00:08 cat: Execute, proto: mysql-5, msg: UPDATE washshop.dailymonitor SET offdt='104/08/11 11:00:08' WHERE sn=364
